<?xml version="1.0" encoding="UTF-8"?>
<!-- Generated by org.testng.reporters.JUnitXMLReporter -->
<testsuite ignored="16" hostname="home-laptop" failures="0" tests="14" name="Chrome-Test" time="208.998" errors="0" timestamp="2023-05-03T17:45:15 IST">
  <testcase classname="com.webbanking.testcases.TC_CustomerDetailsPage" name="verifyCustomerDetailsTest" time="1.599"/>
  <testcase classname="com.webbanking.testcases.TC_CustomerDetailsPage" name="deleteCustomerTest" time="11.503"/>
  <testcase classname="com.webbanking.testcases.TC_AddCustomerPage" name="addCustomerTest" time="3.663"/>
  <testcase classname="com.webbanking.testcases.TC_EndToEnd" name="endToendTest" time="9.47"/>
  <testcase classname="com.webbanking.testcases.TC_CustomerPage" name="customerLoginTest" time="1.644"/>
  <testcase classname="com.webbanking.testcases.TC_ManagerPage" name="addCustomerButtonDisplayTest" time="0.396"/>
  <testcase classname="com.webbanking.testcases.TC_ManagerPage" name="openAccountButtonDisplayTest" time="0.39"/>
  <testcase classname="com.webbanking.testcases.TC_ManagerPage" name="customersButtonDisplayTest" time="0.422"/>
  <testcase classname="com.webbanking.testcases.TC_TransactionDetailsPage" name="verifyTransactionDetailsTest" time="1.079"/>
  <testcase classname="com.webbanking.testcases.TC_LoginPage" name="customerLoginButtonDisplayTest" time="0.871"/>
  <testcase classname="com.webbanking.testcases.TC_LoginPage" name="managerLoginButtonDisplayTest" time="1.062"/>
  <testcase classname="com.webbanking.testcases.TC_AccountPage" name="depositTest" time="1.408"/>
  <testcase classname="com.webbanking.testcases.TC_AccountPage" name="withdrawalTest" time="2.546"/>
  <testcase classname="com.webbanking.testcases.TC_OpenAccountPage" name="openAccountTest" time="1.747"/>
  <testcase classname="com.webbanking.base.BaseClass" name="@BeforeSuite beforeSuite" time="0.0">
    <ignored/>
  </testcase> <!-- @BeforeSuite beforeSuite -->
  <testcase classname="com.webbanking.base.BaseClass" name="@BeforeSuite beforeSuite" time="0.0">
    <ignored/>
  </testcase> <!-- @BeforeSuite beforeSuite -->
  <testcase classname="com.webbanking.base.BaseClass" name="@AfterSuite afterSuite" time="0.0">
    <ignored/>
  </testcase> <!-- @AfterSuite afterSuite -->
  <testcase classname="com.webbanking.base.BaseClass" name="@AfterSuite afterSuite" time="0.0">
    <ignored/>
  </testcase> <!-- @AfterSuite afterSuite -->
  <testcase classname="com.webbanking.base.BaseClass" name="@AfterSuite afterSuite" time="0.0">
    <ignored/>
  </testcase> <!-- @AfterSuite afterSuite -->
  <testcase classname="com.webbanking.base.BaseClass" name="@BeforeSuite beforeSuite" time="0.0">
    <ignored/>
  </testcase> <!-- @BeforeSuite beforeSuite -->
  <testcase classname="com.webbanking.base.BaseClass" name="@BeforeSuite beforeSuite" time="0.0">
    <ignored/>
  </testcase> <!-- @BeforeSuite beforeSuite -->
  <testcase classname="com.webbanking.base.BaseClass" name="@AfterSuite afterSuite" time="0.0">
    <ignored/>
  </testcase> <!-- @AfterSuite afterSuite -->
  <testcase classname="com.webbanking.base.BaseClass" name="@BeforeSuite beforeSuite" time="0.0">
    <ignored/>
  </testcase> <!-- @BeforeSuite beforeSuite -->
  <testcase classname="com.webbanking.base.BaseClass" name="@AfterSuite afterSuite" time="0.0">
    <ignored/>
  </testcase> <!-- @AfterSuite afterSuite -->
  <testcase classname="com.webbanking.base.BaseClass" name="@AfterSuite afterSuite" time="0.0">
    <ignored/>
  </testcase> <!-- @AfterSuite afterSuite -->
  <testcase classname="com.webbanking.base.BaseClass" name="@AfterSuite afterSuite" time="0.0">
    <ignored/>
  </testcase> <!-- @AfterSuite afterSuite -->
  <testcase classname="com.webbanking.base.BaseClass" name="@BeforeSuite beforeSuite" time="0.0">
    <ignored/>
  </testcase> <!-- @BeforeSuite beforeSuite -->
  <testcase classname="com.webbanking.base.BaseClass" name="@BeforeSuite beforeSuite" time="0.0">
    <ignored/>
  </testcase> <!-- @BeforeSuite beforeSuite -->
  <testcase classname="com.webbanking.base.BaseClass" name="@BeforeSuite beforeSuite" time="0.0">
    <ignored/>
  </testcase> <!-- @BeforeSuite beforeSuite -->
  <testcase classname="com.webbanking.base.BaseClass" name="@AfterSuite afterSuite" time="0.0">
    <ignored/>
  </testcase> <!-- @AfterSuite afterSuite -->
</testsuite> <!-- Chrome-Test -->
