<?xml version="1.0" encoding="UTF-8"?>
<!-- Generated by org.testng.reporters.JUnitXMLReporter -->
<testsuite ignored="0" hostname="home-laptop" failures="1" tests="2" name="Test" time="18.623" errors="0" timestamp="2023-02-08T21:41:26 IST">
  <testcase classname="com.webbanking.testcases.TC_LoginPage" name="isCustomerLoginBtnDisplayedTest" time="0.465"/>
  <testcase classname="com.webbanking.testcases.TC_LoginPage" name="isManagerLoginBtnDisplayedTest" time="0.738">
    <failure type="java.lang.AssertionError" message="expected [true] but found [false]">
      <![CDATA[java.lang.AssertionError: expected [true] but found [false]
at com.webbanking.testcases.TC_LoginPage.isManagerLoginBtnDisplayedTest(TC_LoginPage.java:71)
at java.base/java.util.ArrayList.forEach(ArrayList.java:1511)
... Removed 31 stack frames]]>
    </failure>
  </testcase> <!-- isManagerLoginBtnDisplayedTest -->
</testsuite> <!-- Test -->
