<?xml version="1.0" encoding="UTF-8"?>
<!-- Generated by org.testng.reporters.JUnitXMLReporter -->
<testsuite ignored="16" hostname="home-laptop" failures="0" tests="14" name="Test" time="191.019" errors="0" timestamp="2023-02-10T19:30:00 IST">
  <testcase classname="com.webbanking.testcases.TC_CustomerDetailsPage" name="verifyCustomerDetailsTest" time="2.232"/>
  <testcase classname="com.webbanking.testcases.TC_CustomerDetailsPage" name="deleteCustomerTest" time="11.934"/>
  <testcase classname="com.webbanking.testcases.TC_AddCustomerPage" name="addCustomerTest" time="5.338"/>
  <testcase classname="com.webbanking.testcases.TC_OpenAccountPage" name="openAccountTest" time="1.966"/>
  <testcase classname="com.webbanking.testcases.TC_CustomerPage" name="customerLoginTest" time="2.519"/>
  <testcase classname="com.webbanking.testcases.TC_ManagerPage" name="addCustomerButtonDisplayTest" time="0.496"/>
  <testcase classname="com.webbanking.testcases.TC_ManagerPage" name="openAccountButtonDisplayTest" time="0.411"/>
  <testcase classname="com.webbanking.testcases.TC_ManagerPage" name="customersButtonDisplayTest" time="0.423"/>
  <testcase classname="com.webbanking.testcases.TC_TransactionDetailsPage" name="verifyTransactionDetailsTest" time="1.282"/>
  <testcase classname="com.webbanking.testcases.TC_LoginPage" name="customerLoginButtonDisplayTest" time="0.637"/>
  <testcase classname="com.webbanking.testcases.TC_LoginPage" name="managerLoginButtonDisplayTest" time="0.663"/>
  <testcase classname="com.webbanking.testcases.TC_AccountPage" name="depositTest" time="1.656"/>
  <testcase classname="com.webbanking.testcases.TC_AccountPage" name="withdrawalTest" time="3.4"/>
  <testcase classname="com.webbanking.testcases.TC_EndToEnd" name="endToendTest" time="12.095"/>
  <testcase classname="com.webbanking.base.BaseClass" name="@BeforeSuite beforeSuite" time="0.0">
    <ignored/>
  </testcase> <!-- @BeforeSuite beforeSuite -->
  <testcase classname="com.webbanking.base.BaseClass" name="@BeforeSuite beforeSuite" time="0.0">
    <ignored/>
  </testcase> <!-- @BeforeSuite beforeSuite -->
  <testcase classname="com.webbanking.base.BaseClass" name="@AfterSuite afterSuite" time="0.0">
    <ignored/>
  </testcase> <!-- @AfterSuite afterSuite -->
  <testcase classname="com.webbanking.base.BaseClass" name="@AfterSuite afterSuite" time="0.0">
    <ignored/>
  </testcase> <!-- @AfterSuite afterSuite -->
  <testcase classname="com.webbanking.base.BaseClass" name="@AfterSuite afterSuite" time="0.0">
    <ignored/>
  </testcase> <!-- @AfterSuite afterSuite -->
  <testcase classname="com.webbanking.base.BaseClass" name="@BeforeSuite beforeSuite" time="0.0">
    <ignored/>
  </testcase> <!-- @BeforeSuite beforeSuite -->
  <testcase classname="com.webbanking.base.BaseClass" name="@BeforeSuite beforeSuite" time="0.0">
    <ignored/>
  </testcase> <!-- @BeforeSuite beforeSuite -->
  <testcase classname="com.webbanking.base.BaseClass" name="@AfterSuite afterSuite" time="0.0">
    <ignored/>
  </testcase> <!-- @AfterSuite afterSuite -->
  <testcase classname="com.webbanking.base.BaseClass" name="@BeforeSuite beforeSuite" time="0.0">
    <ignored/>
  </testcase> <!-- @BeforeSuite beforeSuite -->
  <testcase classname="com.webbanking.base.BaseClass" name="@AfterSuite afterSuite" time="0.0">
    <ignored/>
  </testcase> <!-- @AfterSuite afterSuite -->
  <testcase classname="com.webbanking.base.BaseClass" name="@AfterSuite afterSuite" time="0.0">
    <ignored/>
  </testcase> <!-- @AfterSuite afterSuite -->
  <testcase classname="com.webbanking.base.BaseClass" name="@AfterSuite afterSuite" time="0.0">
    <ignored/>
  </testcase> <!-- @AfterSuite afterSuite -->
  <testcase classname="com.webbanking.base.BaseClass" name="@BeforeSuite beforeSuite" time="0.0">
    <ignored/>
  </testcase> <!-- @BeforeSuite beforeSuite -->
  <testcase classname="com.webbanking.base.BaseClass" name="@BeforeSuite beforeSuite" time="0.0">
    <ignored/>
  </testcase> <!-- @BeforeSuite beforeSuite -->
  <testcase classname="com.webbanking.base.BaseClass" name="@BeforeSuite beforeSuite" time="0.0">
    <ignored/>
  </testcase> <!-- @BeforeSuite beforeSuite -->
  <testcase classname="com.webbanking.base.BaseClass" name="@AfterSuite afterSuite" time="0.0">
    <ignored/>
  </testcase> <!-- @AfterSuite afterSuite -->
</testsuite> <!-- Test -->
