<?xml version="1.0" encoding="UTF-8"?>
<testng-results ignored="16" total="30" passed="14" failed="0" skipped="0">
  <reporter-output>
  </reporter-output>
  <suite started-at="2023-02-10T19:26:49 IST" name="Suite" finished-at="2023-02-10T19:30:00 IST" duration-ms="191019">
    <groups>
    </groups>
    <test started-at="2023-02-10T19:26:49 IST" name="Test" finished-at="2023-02-10T19:30:00 IST" duration-ms="191019">
      <class name="com.webbanking.testcases.TC_TransactionDetailsPage">
        <test-method is-config="true" signature="beforeMethod(java.lang.String)[pri:0, instance:com.webbanking.testcases.TC_TransactionDetailsPage@245b4bdc]" started-at="2023-02-10T19:28:50 IST" name="beforeMethod" finished-at="2023-02-10T19:29:00 IST" duration-ms="10911" status="PASS">
          <params>
            <param index="0">
              <value>
                <![CDATA[chrome]]>
              </value>
            </param>
          </params>
          <reporter-output>
          </reporter-output>
        </test-method> <!-- beforeMethod -->
        <test-method signature="verifyTransactionDetailsTest()[pri:0, instance:com.webbanking.testcases.TC_TransactionDetailsPage@245b4bdc]" started-at="2023-02-10T19:29:00 IST" name="verifyTransactionDetailsTest" finished-at="2023-02-10T19:29:02 IST" duration-ms="1282" status="PASS">
          <reporter-output>
          </reporter-output>
        </test-method> <!-- verifyTransactionDetailsTest -->
        <test-method is-config="true" signature="afterMethod()[pri:0, instance:com.webbanking.testcases.TC_TransactionDetailsPage@245b4bdc]" started-at="2023-02-10T19:29:02 IST" name="afterMethod" finished-at="2023-02-10T19:29:02 IST" duration-ms="625" status="PASS">
          <reporter-output>
          </reporter-output>
        </test-method> <!-- afterMethod -->
      </class> <!-- com.webbanking.testcases.TC_TransactionDetailsPage -->
      <class name="com.webbanking.testcases.TC_EndToEnd">
        <test-method is-config="true" signature="beforeMethod(java.lang.String)[pri:0, instance:com.webbanking.testcases.TC_EndToEnd@222545dc]" started-at="2023-02-10T19:29:42 IST" name="beforeMethod" finished-at="2023-02-10T19:29:48 IST" duration-ms="5976" status="PASS">
          <params>
            <param index="0">
              <value>
                <![CDATA[chrome]]>
              </value>
            </param>
          </params>
          <reporter-output>
          </reporter-output>
        </test-method> <!-- beforeMethod -->
        <test-method signature="endToendTest(java.lang.String,java.lang.String,java.lang.String,java.lang.String,java.lang.String,java.lang.String)[pri:0, instance:com.webbanking.testcases.TC_EndToEnd@222545dc]" started-at="2023-02-10T19:29:48 IST" name="endToendTest" data-provider="e2eData" finished-at="2023-02-10T19:30:00 IST" duration-ms="12095" status="PASS">
          <params>
            <param index="0">
              <value>
                <![CDATA[Santosh]]>
              </value>
            </param>
            <param index="1">
              <value>
                <![CDATA[Sharma]]>
              </value>
            </param>
            <param index="2">
              <value>
                <![CDATA[12345]]>
              </value>
            </param>
            <param index="3">
              <value>
                <![CDATA[Rupee]]>
              </value>
            </param>
            <param index="4">
              <value>
                <![CDATA[1100]]>
              </value>
            </param>
            <param index="5">
              <value>
                <![CDATA[100]]>
              </value>
            </param>
          </params>
          <reporter-output>
          </reporter-output>
        </test-method> <!-- endToendTest -->
        <test-method is-config="true" signature="afterMethod()[pri:0, instance:com.webbanking.testcases.TC_EndToEnd@222545dc]" started-at="2023-02-10T19:30:00 IST" name="afterMethod" finished-at="2023-02-10T19:30:00 IST" duration-ms="699" status="PASS">
          <reporter-output>
          </reporter-output>
        </test-method> <!-- afterMethod -->
      </class> <!-- com.webbanking.testcases.TC_EndToEnd -->
      <class name="com.webbanking.testcases.TC_AddCustomerPage">
        <test-method is-config="true" signature="beforeMethod(java.lang.String)[pri:0, instance:com.webbanking.testcases.TC_AddCustomerPage@52bf72b5]" started-at="2023-02-10T19:27:46 IST" name="beforeMethod" finished-at="2023-02-10T19:27:54 IST" duration-ms="7792" status="PASS">
          <params>
            <param index="0">
              <value>
                <![CDATA[chrome]]>
              </value>
            </param>
          </params>
          <reporter-output>
          </reporter-output>
        </test-method> <!-- beforeMethod -->
        <test-method signature="addCustomerTest()[pri:0, instance:com.webbanking.testcases.TC_AddCustomerPage@52bf72b5]" started-at="2023-02-10T19:27:54 IST" name="addCustomerTest" finished-at="2023-02-10T19:27:59 IST" duration-ms="5338" status="PASS">
          <reporter-output>
          </reporter-output>
        </test-method> <!-- addCustomerTest -->
        <test-method is-config="true" signature="afterMethod()[pri:0, instance:com.webbanking.testcases.TC_AddCustomerPage@52bf72b5]" started-at="2023-02-10T19:27:59 IST" name="afterMethod" finished-at="2023-02-10T19:28:01 IST" duration-ms="1559" status="PASS">
          <reporter-output>
          </reporter-output>
        </test-method> <!-- afterMethod -->
      </class> <!-- com.webbanking.testcases.TC_AddCustomerPage -->
      <class name="com.webbanking.testcases.TC_ManagerPage">
        <test-method is-config="true" signature="beforeMethod(java.lang.String)[pri:0, instance:com.webbanking.testcases.TC_ManagerPage@dd8ba08]" started-at="2023-02-10T19:28:24 IST" name="beforeMethod" finished-at="2023-02-10T19:28:33 IST" duration-ms="8323" status="PASS">
          <params>
            <param index="0">
              <value>
                <![CDATA[chrome]]>
              </value>
            </param>
          </params>
          <reporter-output>
          </reporter-output>
        </test-method> <!-- beforeMethod -->
        <test-method signature="addCustomerButtonDisplayTest()[pri:0, instance:com.webbanking.testcases.TC_ManagerPage@dd8ba08]" started-at="2023-02-10T19:28:33 IST" name="addCustomerButtonDisplayTest" finished-at="2023-02-10T19:28:33 IST" duration-ms="496" status="PASS">
          <reporter-output>
          </reporter-output>
        </test-method> <!-- addCustomerButtonDisplayTest -->
        <test-method is-config="true" signature="afterMethod()[pri:0, instance:com.webbanking.testcases.TC_ManagerPage@dd8ba08]" started-at="2023-02-10T19:28:33 IST" name="afterMethod" finished-at="2023-02-10T19:28:34 IST" duration-ms="605" status="PASS">
          <reporter-output>
          </reporter-output>
        </test-method> <!-- afterMethod -->
        <test-method is-config="true" signature="beforeMethod(java.lang.String)[pri:0, instance:com.webbanking.testcases.TC_ManagerPage@dd8ba08]" started-at="2023-02-10T19:28:34 IST" name="beforeMethod" finished-at="2023-02-10T19:28:41 IST" duration-ms="7188" status="PASS">
          <params>
            <param index="0">
              <value>
                <![CDATA[chrome]]>
              </value>
            </param>
          </params>
          <reporter-output>
          </reporter-output>
        </test-method> <!-- beforeMethod -->
        <test-method signature="openAccountButtonDisplayTest()[pri:1, instance:com.webbanking.testcases.TC_ManagerPage@dd8ba08]" started-at="2023-02-10T19:28:41 IST" name="openAccountButtonDisplayTest" finished-at="2023-02-10T19:28:41 IST" duration-ms="411" status="PASS">
          <reporter-output>
          </reporter-output>
        </test-method> <!-- openAccountButtonDisplayTest -->
        <test-method is-config="true" signature="afterMethod()[pri:0, instance:com.webbanking.testcases.TC_ManagerPage@dd8ba08]" started-at="2023-02-10T19:28:41 IST" name="afterMethod" finished-at="2023-02-10T19:28:42 IST" duration-ms="484" status="PASS">
          <reporter-output>
          </reporter-output>
        </test-method> <!-- afterMethod -->
        <test-method is-config="true" signature="beforeMethod(java.lang.String)[pri:0, instance:com.webbanking.testcases.TC_ManagerPage@dd8ba08]" started-at="2023-02-10T19:28:42 IST" name="beforeMethod" finished-at="2023-02-10T19:28:49 IST" duration-ms="6763" status="PASS">
          <params>
            <param index="0">
              <value>
                <![CDATA[chrome]]>
              </value>
            </param>
          </params>
          <reporter-output>
          </reporter-output>
        </test-method> <!-- beforeMethod -->
        <test-method signature="customersButtonDisplayTest()[pri:2, instance:com.webbanking.testcases.TC_ManagerPage@dd8ba08]" started-at="2023-02-10T19:28:49 IST" name="customersButtonDisplayTest" finished-at="2023-02-10T19:28:49 IST" duration-ms="423" status="PASS">
          <reporter-output>
          </reporter-output>
        </test-method> <!-- customersButtonDisplayTest -->
        <test-method is-config="true" signature="afterMethod()[pri:0, instance:com.webbanking.testcases.TC_ManagerPage@dd8ba08]" started-at="2023-02-10T19:28:49 IST" name="afterMethod" finished-at="2023-02-10T19:28:50 IST" duration-ms="524" status="PASS">
          <reporter-output>
          </reporter-output>
        </test-method> <!-- afterMethod -->
      </class> <!-- com.webbanking.testcases.TC_ManagerPage -->
      <class name="com.webbanking.testcases.TC_CustomerPage">
        <test-method is-config="true" signature="beforeMethod(java.lang.String)[pri:0, instance:com.webbanking.testcases.TC_CustomerPage@515aebb0]" started-at="2023-02-10T19:28:15 IST" name="beforeMethod" finished-at="2023-02-10T19:28:21 IST" duration-ms="6182" status="PASS">
          <params>
            <param index="0">
              <value>
                <![CDATA[chrome]]>
              </value>
            </param>
          </params>
          <reporter-output>
          </reporter-output>
        </test-method> <!-- beforeMethod -->
        <test-method signature="customerLoginTest()[pri:0, instance:com.webbanking.testcases.TC_CustomerPage@515aebb0]" started-at="2023-02-10T19:28:21 IST" name="customerLoginTest" finished-at="2023-02-10T19:28:24 IST" duration-ms="2519" status="PASS">
          <reporter-output>
          </reporter-output>
        </test-method> <!-- customerLoginTest -->
        <test-method is-config="true" signature="afterMethod()[pri:0, instance:com.webbanking.testcases.TC_CustomerPage@515aebb0]" started-at="2023-02-10T19:28:24 IST" name="afterMethod" finished-at="2023-02-10T19:28:24 IST" duration-ms="831" status="PASS">
          <reporter-output>
          </reporter-output>
        </test-method> <!-- afterMethod -->
      </class> <!-- com.webbanking.testcases.TC_CustomerPage -->
      <class name="com.webbanking.testcases.TC_LoginPage">
        <test-method is-config="true" signature="beforeMethod(java.lang.String)[pri:0, instance:com.webbanking.testcases.TC_LoginPage@6c64cb25]" started-at="2023-02-10T19:29:02 IST" name="beforeMethod" finished-at="2023-02-10T19:29:09 IST" duration-ms="6142" status="PASS">
          <params>
            <param index="0">
              <value>
                <![CDATA[chrome]]>
              </value>
            </param>
          </params>
          <reporter-output>
          </reporter-output>
        </test-method> <!-- beforeMethod -->
        <test-method signature="customerLoginButtonDisplayTest()[pri:0, instance:com.webbanking.testcases.TC_LoginPage@6c64cb25]" started-at="2023-02-10T19:29:09 IST" name="customerLoginButtonDisplayTest" finished-at="2023-02-10T19:29:09 IST" duration-ms="637" status="PASS">
          <reporter-output>
          </reporter-output>
        </test-method> <!-- customerLoginButtonDisplayTest -->
        <test-method is-config="true" signature="afterMethod()[pri:0, instance:com.webbanking.testcases.TC_LoginPage@6c64cb25]" started-at="2023-02-10T19:29:09 IST" name="afterMethod" finished-at="2023-02-10T19:29:10 IST" duration-ms="517" status="PASS">
          <reporter-output>
          </reporter-output>
        </test-method> <!-- afterMethod -->
        <test-method is-config="true" signature="beforeMethod(java.lang.String)[pri:0, instance:com.webbanking.testcases.TC_LoginPage@6c64cb25]" started-at="2023-02-10T19:29:10 IST" name="beforeMethod" finished-at="2023-02-10T19:29:15 IST" duration-ms="5571" status="PASS">
          <params>
            <param index="0">
              <value>
                <![CDATA[chrome]]>
              </value>
            </param>
          </params>
          <reporter-output>
          </reporter-output>
        </test-method> <!-- beforeMethod -->
        <test-method signature="managerLoginButtonDisplayTest()[pri:1, instance:com.webbanking.testcases.TC_LoginPage@6c64cb25]" started-at="2023-02-10T19:29:15 IST" name="managerLoginButtonDisplayTest" finished-at="2023-02-10T19:29:16 IST" duration-ms="663" status="PASS">
          <reporter-output>
          </reporter-output>
        </test-method> <!-- managerLoginButtonDisplayTest -->
        <test-method is-config="true" signature="afterMethod()[pri:0, instance:com.webbanking.testcases.TC_LoginPage@6c64cb25]" started-at="2023-02-10T19:29:16 IST" name="afterMethod" finished-at="2023-02-10T19:29:16 IST" duration-ms="486" status="PASS">
          <reporter-output>
          </reporter-output>
        </test-method> <!-- afterMethod -->
      </class> <!-- com.webbanking.testcases.TC_LoginPage -->
      <class name="com.webbanking.testcases.TC_CustomerDetailsPage">
        <test-method is-config="true" signature="beforeSuite()[pri:0, instance:com.webbanking.testcases.TC_CustomerDetailsPage@1aa7ecca]" started-at="2023-02-10T19:26:48 IST" name="beforeSuite" finished-at="2023-02-10T19:26:49 IST" duration-ms="1232" status="PASS">
          <reporter-output>
          </reporter-output>
        </test-method> <!-- beforeSuite -->
        <test-method is-config="true" signature="beforeMethod(java.lang.String)[pri:0, instance:com.webbanking.testcases.TC_CustomerDetailsPage@1aa7ecca]" started-at="2023-02-10T19:26:50 IST" name="beforeMethod" finished-at="2023-02-10T19:27:16 IST" duration-ms="26734" status="PASS">
          <params>
            <param index="0">
              <value>
                <![CDATA[chrome]]>
              </value>
            </param>
          </params>
          <reporter-output>
          </reporter-output>
        </test-method> <!-- beforeMethod -->
        <test-method signature="verifyCustomerDetailsTest()[pri:0, instance:com.webbanking.testcases.TC_CustomerDetailsPage@1aa7ecca]" started-at="2023-02-10T19:27:16 IST" name="verifyCustomerDetailsTest" finished-at="2023-02-10T19:27:19 IST" duration-ms="2232" status="PASS">
          <reporter-output>
          </reporter-output>
        </test-method> <!-- verifyCustomerDetailsTest -->
        <test-method is-config="true" signature="afterMethod()[pri:0, instance:com.webbanking.testcases.TC_CustomerDetailsPage@1aa7ecca]" started-at="2023-02-10T19:27:19 IST" name="afterMethod" finished-at="2023-02-10T19:27:19 IST" duration-ms="634" status="PASS">
          <reporter-output>
          </reporter-output>
        </test-method> <!-- afterMethod -->
        <test-method is-config="true" signature="beforeMethod(java.lang.String)[pri:0, instance:com.webbanking.testcases.TC_CustomerDetailsPage@1aa7ecca]" started-at="2023-02-10T19:27:19 IST" name="beforeMethod" finished-at="2023-02-10T19:27:33 IST" duration-ms="13478" status="PASS">
          <params>
            <param index="0">
              <value>
                <![CDATA[chrome]]>
              </value>
            </param>
          </params>
          <reporter-output>
          </reporter-output>
        </test-method> <!-- beforeMethod -->
        <test-method signature="deleteCustomerTest()[pri:1, instance:com.webbanking.testcases.TC_CustomerDetailsPage@1aa7ecca]" started-at="2023-02-10T19:27:33 IST" name="deleteCustomerTest" finished-at="2023-02-10T19:27:45 IST" duration-ms="11934" status="PASS">
          <reporter-output>
          </reporter-output>
        </test-method> <!-- deleteCustomerTest -->
        <test-method is-config="true" signature="afterMethod()[pri:0, instance:com.webbanking.testcases.TC_CustomerDetailsPage@1aa7ecca]" started-at="2023-02-10T19:27:45 IST" name="afterMethod" finished-at="2023-02-10T19:27:46 IST" duration-ms="1395" status="PASS">
          <reporter-output>
          </reporter-output>
        </test-method> <!-- afterMethod -->
        <test-method is-config="true" signature="afterSuite()[pri:0, instance:com.webbanking.testcases.TC_CustomerDetailsPage@1aa7ecca]" started-at="2023-02-10T19:30:00 IST" name="afterSuite" finished-at="2023-02-10T19:30:02 IST" duration-ms="1604" status="PASS">
          <reporter-output>
          </reporter-output>
        </test-method> <!-- afterSuite -->
      </class> <!-- com.webbanking.testcases.TC_CustomerDetailsPage -->
      <class name="com.webbanking.testcases.TC_OpenAccountPage">
        <test-method is-config="true" signature="beforeMethod(java.lang.String)[pri:0, instance:com.webbanking.testcases.TC_OpenAccountPage@37afeb11]" started-at="2023-02-10T19:28:01 IST" name="beforeMethod" finished-at="2023-02-10T19:28:12 IST" duration-ms="11610" status="PASS">
          <params>
            <param index="0">
              <value>
                <![CDATA[chrome]]>
              </value>
            </param>
          </params>
          <reporter-output>
          </reporter-output>
        </test-method> <!-- beforeMethod -->
        <test-method signature="openAccountTest()[pri:0, instance:com.webbanking.testcases.TC_OpenAccountPage@37afeb11]" started-at="2023-02-10T19:28:12 IST" name="openAccountTest" finished-at="2023-02-10T19:28:14 IST" duration-ms="1966" status="PASS">
          <reporter-output>
          </reporter-output>
        </test-method> <!-- openAccountTest -->
        <test-method is-config="true" signature="afterMethod()[pri:0, instance:com.webbanking.testcases.TC_OpenAccountPage@37afeb11]" started-at="2023-02-10T19:28:14 IST" name="afterMethod" finished-at="2023-02-10T19:28:15 IST" duration-ms="546" status="PASS">
          <reporter-output>
          </reporter-output>
        </test-method> <!-- afterMethod -->
      </class> <!-- com.webbanking.testcases.TC_OpenAccountPage -->
      <class name="com.webbanking.testcases.TC_AccountPage">
        <test-method is-config="true" signature="beforeMethod(java.lang.String)[pri:0, instance:com.webbanking.testcases.TC_AccountPage@6ae5aa72]" started-at="2023-02-10T19:29:16 IST" name="beforeMethod" finished-at="2023-02-10T19:29:24 IST" duration-ms="7635" status="PASS">
          <params>
            <param index="0">
              <value>
                <![CDATA[chrome]]>
              </value>
            </param>
          </params>
          <reporter-output>
          </reporter-output>
        </test-method> <!-- beforeMethod -->
        <test-method signature="depositTest()[pri:0, instance:com.webbanking.testcases.TC_AccountPage@6ae5aa72]" started-at="2023-02-10T19:29:24 IST" name="depositTest" finished-at="2023-02-10T19:29:26 IST" duration-ms="1656" status="PASS">
          <reporter-output>
          </reporter-output>
        </test-method> <!-- depositTest -->
        <test-method is-config="true" signature="afterMethod()[pri:0, instance:com.webbanking.testcases.TC_AccountPage@6ae5aa72]" started-at="2023-02-10T19:29:26 IST" name="afterMethod" finished-at="2023-02-10T19:29:26 IST" duration-ms="519" status="PASS">
          <reporter-output>
          </reporter-output>
        </test-method> <!-- afterMethod -->
        <test-method is-config="true" signature="beforeMethod(java.lang.String)[pri:0, instance:com.webbanking.testcases.TC_AccountPage@6ae5aa72]" started-at="2023-02-10T19:29:26 IST" name="beforeMethod" finished-at="2023-02-10T19:29:34 IST" duration-ms="8158" status="PASS">
          <params>
            <param index="0">
              <value>
                <![CDATA[chrome]]>
              </value>
            </param>
          </params>
          <reporter-output>
          </reporter-output>
        </test-method> <!-- beforeMethod -->
        <test-method signature="withdrawalTest()[pri:1, instance:com.webbanking.testcases.TC_AccountPage@6ae5aa72]" started-at="2023-02-10T19:29:34 IST" name="withdrawalTest" finished-at="2023-02-10T19:29:38 IST" duration-ms="3400" status="PASS">
          <reporter-output>
          </reporter-output>
        </test-method> <!-- withdrawalTest -->
        <test-method is-config="true" signature="afterMethod()[pri:0, instance:com.webbanking.testcases.TC_AccountPage@6ae5aa72]" started-at="2023-02-10T19:29:38 IST" name="afterMethod" finished-at="2023-02-10T19:29:38 IST" duration-ms="531" status="PASS">
          <reporter-output>
          </reporter-output>
        </test-method> <!-- afterMethod -->
      </class> <!-- com.webbanking.testcases.TC_AccountPage -->
    </test> <!-- Test -->
  </suite> <!-- Suite -->
</testng-results>
