<?xml version="1.0" encoding="UTF-8"?>
<testsuite xmlns:xsi="http://www.w3.org/2001/XMLSchema-instance" xsi:noNamespaceSchemaLocation="https://maven.apache.org/surefire/maven-surefire-plugin/xsd/surefire-test-report-3.0.xsd" version="3.0" name="TestSuite" time="197.032" tests="14" errors="0" skipped="0" failures="0">
  <properties>
[...]
</properties>
  <testcase name="verifyCustomerDetailsTest" classname="com.webbanking.testcases.TC_CustomerDetailsPage" time="2.264">
    <system-out><![CDATA[ INFO [main] (TC_CustomerDetailsPage.java:66)- ========== verifyCustomerDetailsTest START ==========
 INFO [main] (TC_CustomerDetailsPage.java:69)- clicked on customers button
 INFO [main] (TC_CustomerDetailsPage.java:72)- saved customer details
 INFO [main] (TC_CustomerDetailsPage.java:78)- Test Passed
 INFO [main] (TC_CustomerDetailsPage.java:85)- ========== verifyCustomerDetailsTest END ==========
]]></system-out>
    <system-err><![CDATA[SLF4J: Failed to load class "org.slf4j.impl.StaticLoggerBinder".
SLF4J: Defaulting to no-operation (NOP) logger implementation
SLF4J: See http://www.slf4j.org/codes.html#StaticLoggerBinder for further details.
ERROR StatusLogger Log4j2 could not find a logging implementation. Please add log4j-core to the classpath. Using SimpleLogger to log to the console...
Starting ChromeDriver 110.0.5481.77 (65ed616c6e8ee3fe0ad64fe83796c020644d42af-refs/branch-heads/5481@{#839}) on port 64895
Only local connections are allowed.
Please see https://chromedriver.chromium.org/security-considerations for suggestions on keeping ChromeDriver safe.
ChromeDriver was started successfully.
[1676037424.996][WARNING]: virtual void DevToolsClientImpl::AddListener(DevToolsEventListener *) subscribing a listener to the already connected DevToolsClient. Connection notification will not arrive.
Feb 10, 2023 7:27:06 PM org.openqa.selenium.remote.ProtocolHandshake createSession
INFO: Detected dialect: W3C
Feb 10, 2023 7:27:07 PM org.openqa.selenium.devtools.CdpVersionFinder findNearestMatch
WARNING: Unable to find an exact match for CDP version 110, so returning the closest version found: a no-op implementation
Feb 10, 2023 7:27:07 PM org.openqa.selenium.devtools.CdpVersionFinder findNearestMatch
INFO: Unable to find CDP implementation matching 110.
Feb 10, 2023 7:27:07 PM org.openqa.selenium.chromium.ChromiumDriver lambda$new$3
WARNING: Unable to find version of CDP to use for . You may need to include a dependency on a specific version of the CDP using something similar to `org.seleniumhq.selenium:selenium-devtools-v86:4.1.1` where the version ("v86") matches the version of the chromium-based browser you're using and the version number of the artifact is the same as Selenium's.
]]></system-err>
  </testcase>
  <testcase name="deleteCustomerTest" classname="com.webbanking.testcases.TC_CustomerDetailsPage" time="11.943">
    <system-out><![CDATA[ INFO [main] (TC_CustomerDetailsPage.java:90)- ========== deleteCustomerTest START ==========
 INFO [main] (TC_CustomerDetailsPage.java:93)- clicked on customers button
 INFO [main] (TC_CustomerDetailsPage.java:95)- entered customer name, postal code
 INFO [main] (TC_CustomerDetailsPage.java:99)- clicked on delete button to delete customer
 INFO [main] (TC_CustomerDetailsPage.java:103)- Test Passed
 INFO [main] (TC_CustomerDetailsPage.java:110)- ========== deleteCustomerTest END ==========
]]></system-out>
    <system-err><![CDATA[Starting ChromeDriver 110.0.5481.77 (65ed616c6e8ee3fe0ad64fe83796c020644d42af-refs/branch-heads/5481@{#839}) on port 53867
Only local connections are allowed.
Please see https://chromedriver.chromium.org/security-considerations for suggestions on keeping ChromeDriver safe.
ChromeDriver was started successfully.
[1676037441.975][WARNING]: virtual void DevToolsClientImpl::AddListener(DevToolsEventListener *) subscribing a listener to the already connected DevToolsClient. Connection notification will not arrive.
Feb 10, 2023 7:27:22 PM org.openqa.selenium.remote.ProtocolHandshake createSession
INFO: Detected dialect: W3C
Feb 10, 2023 7:27:22 PM org.openqa.selenium.devtools.CdpVersionFinder findNearestMatch
WARNING: Unable to find an exact match for CDP version 110, so returning the closest version found: a no-op implementation
Feb 10, 2023 7:27:22 PM org.openqa.selenium.devtools.CdpVersionFinder findNearestMatch
INFO: Unable to find CDP implementation matching 110.
Feb 10, 2023 7:27:22 PM org.openqa.selenium.chromium.ChromiumDriver lambda$new$3
WARNING: Unable to find version of CDP to use for . You may need to include a dependency on a specific version of the CDP using something similar to `org.seleniumhq.selenium:selenium-devtools-v86:4.1.1` where the version ("v86") matches the version of the chromium-based browser you're using and the version number of the artifact is the same as Selenium's.
]]></system-err>
  </testcase>
  <testcase name="addCustomerTest" classname="com.webbanking.testcases.TC_AddCustomerPage" time="5.46">
    <system-out><![CDATA[ INFO [main] (TC_AddCustomerPage.java:45)- ========== addCustomerTest START ==========
 INFO [main] (TC_AddCustomerPage.java:49)- clicked on managerlogin button
 INFO [main] (TC_AddCustomerPage.java:52)- clicked on addcustomer button
 INFO [main] (TC_AddCustomerPage.java:55)- entered first name, last name & postal code
 INFO [main] (TC_AddCustomerPage.java:58)- clicked on submit button and saved alert window message
 INFO [main] (TC_AddCustomerPage.java:64)- Test Passed
 INFO [main] (TC_AddCustomerPage.java:71)- ========== addCustomerTest END ==========
]]></system-out>
    <system-err><![CDATA[Starting ChromeDriver 110.0.5481.77 (65ed616c6e8ee3fe0ad64fe83796c020644d42af-refs/branch-heads/5481@{#839}) on port 56088
Only local connections are allowed.
Please see https://chromedriver.chromium.org/security-considerations for suggestions on keeping ChromeDriver safe.
ChromeDriver was started successfully.
[1676037468.665][WARNING]: virtual void DevToolsClientImpl::AddListener(DevToolsEventListener *) subscribing a listener to the already connected DevToolsClient. Connection notification will not arrive.
Feb 10, 2023 7:27:49 PM org.openqa.selenium.remote.ProtocolHandshake createSession
INFO: Detected dialect: W3C
Feb 10, 2023 7:27:49 PM org.openqa.selenium.devtools.CdpVersionFinder findNearestMatch
WARNING: Unable to find an exact match for CDP version 110, so returning the closest version found: a no-op implementation
Feb 10, 2023 7:27:49 PM org.openqa.selenium.devtools.CdpVersionFinder findNearestMatch
INFO: Unable to find CDP implementation matching 110.
Feb 10, 2023 7:27:49 PM org.openqa.selenium.chromium.ChromiumDriver lambda$new$3
WARNING: Unable to find version of CDP to use for . You may need to include a dependency on a specific version of the CDP using something similar to `org.seleniumhq.selenium:selenium-devtools-v86:4.1.1` where the version ("v86") matches the version of the chromium-based browser you're using and the version number of the artifact is the same as Selenium's.
]]></system-err>
  </testcase>
  <testcase name="openAccountTest" classname="com.webbanking.testcases.TC_OpenAccountPage" time="1.989">
    <system-out><![CDATA[ INFO [main] (TC_OpenAccountPage.java:55)- ========== openAccountTest START ==========
 INFO [main] (TC_OpenAccountPage.java:58)- clicked on openaccount button
 INFO [main] (TC_OpenAccountPage.java:61)- entered name & currency
 INFO [main] (TC_OpenAccountPage.java:64)- clicked on process button and saved alert window message
 INFO [main] (TC_OpenAccountPage.java:70)- Test Passed
 INFO [main] (TC_OpenAccountPage.java:77)- ========== openAccountTest END ==========
]]></system-out>
    <system-err><![CDATA[Starting ChromeDriver 110.0.5481.77 (65ed616c6e8ee3fe0ad64fe83796c020644d42af-refs/branch-heads/5481@{#839}) on port 53599
Only local connections are allowed.
Please see https://chromedriver.chromium.org/security-considerations for suggestions on keeping ChromeDriver safe.
ChromeDriver was started successfully.
[1676037484.473][WARNING]: virtual void DevToolsClientImpl::AddListener(DevToolsEventListener *) subscribing a listener to the already connected DevToolsClient. Connection notification will not arrive.
Feb 10, 2023 7:28:05 PM org.openqa.selenium.remote.ProtocolHandshake createSession
INFO: Detected dialect: W3C
Feb 10, 2023 7:28:05 PM org.openqa.selenium.devtools.CdpVersionFinder findNearestMatch
WARNING: Unable to find an exact match for CDP version 110, so returning the closest version found: a no-op implementation
Feb 10, 2023 7:28:05 PM org.openqa.selenium.devtools.CdpVersionFinder findNearestMatch
INFO: Unable to find CDP implementation matching 110.
Feb 10, 2023 7:28:05 PM org.openqa.selenium.chromium.ChromiumDriver lambda$new$3
WARNING: Unable to find version of CDP to use for . You may need to include a dependency on a specific version of the CDP using something similar to `org.seleniumhq.selenium:selenium-devtools-v86:4.1.1` where the version ("v86") matches the version of the chromium-based browser you're using and the version number of the artifact is the same as Selenium's.
]]></system-err>
  </testcase>
  <testcase name="customerLoginTest" classname="com.webbanking.testcases.TC_CustomerPage" time="2.543">
    <system-out><![CDATA[ INFO [main] (TC_CustomerPage.java:42)- ========== customerLoginTest START ==========
 INFO [main] (TC_CustomerPage.java:45)- clicked on customer login button
 INFO [main] (TC_CustomerPage.java:48)- selected user name from drop down
 INFO [main] (TC_CustomerPage.java:51)- clicked on login button
 INFO [main] (TC_CustomerPage.java:57)- login successful
 INFO [main] (TC_CustomerPage.java:58)- Test Passed
 INFO [main] (TC_CustomerPage.java:66)- ========== customerLoginTest END ==========
]]></system-out>
    <system-err><![CDATA[Starting ChromeDriver 110.0.5481.77 (65ed616c6e8ee3fe0ad64fe83796c020644d42af-refs/branch-heads/5481@{#839}) on port 53450
Only local connections are allowed.
Please see https://chromedriver.chromium.org/security-considerations for suggestions on keeping ChromeDriver safe.
ChromeDriver was started successfully.
[1676037497.628][WARNING]: virtual void DevToolsClientImpl::AddListener(DevToolsEventListener *) subscribing a listener to the already connected DevToolsClient. Connection notification will not arrive.
Feb 10, 2023 7:28:18 PM org.openqa.selenium.remote.ProtocolHandshake createSession
INFO: Detected dialect: W3C
Feb 10, 2023 7:28:18 PM org.openqa.selenium.devtools.CdpVersionFinder findNearestMatch
WARNING: Unable to find an exact match for CDP version 110, so returning the closest version found: a no-op implementation
Feb 10, 2023 7:28:18 PM org.openqa.selenium.devtools.CdpVersionFinder findNearestMatch
INFO: Unable to find CDP implementation matching 110.
Feb 10, 2023 7:28:18 PM org.openqa.selenium.chromium.ChromiumDriver lambda$new$3
WARNING: Unable to find version of CDP to use for . You may need to include a dependency on a specific version of the CDP using something similar to `org.seleniumhq.selenium:selenium-devtools-v86:4.1.1` where the version ("v86") matches the version of the chromium-based browser you're using and the version number of the artifact is the same as Selenium's.
]]></system-err>
  </testcase>
  <testcase name="addCustomerButtonDisplayTest" classname="com.webbanking.testcases.TC_ManagerPage" time="0.512">
    <system-out><![CDATA[ INFO [main] (TC_ManagerPage.java:41)- ========== addCustomerButtonDisplayTest START ==========
 INFO [main] (TC_ManagerPage.java:44)- verifying addcustomer button
 INFO [main] (TC_ManagerPage.java:48)- Test Passed
 INFO [main] (TC_ManagerPage.java:55)- ========== addCustomerButtonDisplayTest END ==========
]]></system-out>
    <system-err><![CDATA[Starting ChromeDriver 110.0.5481.77 (65ed616c6e8ee3fe0ad64fe83796c020644d42af-refs/branch-heads/5481@{#839}) on port 58772
Only local connections are allowed.
Please see https://chromedriver.chromium.org/security-considerations for suggestions on keeping ChromeDriver safe.
ChromeDriver was started successfully.
[1676037507.180][WARNING]: virtual void DevToolsClientImpl::AddListener(DevToolsEventListener *) subscribing a listener to the already connected DevToolsClient. Connection notification will not arrive.
Feb 10, 2023 7:28:27 PM org.openqa.selenium.remote.ProtocolHandshake createSession
INFO: Detected dialect: W3C
Feb 10, 2023 7:28:27 PM org.openqa.selenium.devtools.CdpVersionFinder findNearestMatch
WARNING: Unable to find an exact match for CDP version 110, so returning the closest version found: a no-op implementation
Feb 10, 2023 7:28:27 PM org.openqa.selenium.devtools.CdpVersionFinder findNearestMatch
INFO: Unable to find CDP implementation matching 110.
Feb 10, 2023 7:28:27 PM org.openqa.selenium.chromium.ChromiumDriver lambda$new$3
WARNING: Unable to find version of CDP to use for . You may need to include a dependency on a specific version of the CDP using something similar to `org.seleniumhq.selenium:selenium-devtools-v86:4.1.1` where the version ("v86") matches the version of the chromium-based browser you're using and the version number of the artifact is the same as Selenium's.
]]></system-err>
  </testcase>
  <testcase name="openAccountButtonDisplayTest" classname="com.webbanking.testcases.TC_ManagerPage" time="0.435">
    <system-out><![CDATA[ INFO [main] (TC_ManagerPage.java:60)- ========== openAccountButtonDisplayTest START ==========
 INFO [main] (TC_ManagerPage.java:63)- verifying openaccount button
 INFO [main] (TC_ManagerPage.java:67)- Test Passed
 INFO [main] (TC_ManagerPage.java:74)- ========== openAccountButtonDisplayTest END ==========
]]></system-out>
    <system-err><![CDATA[Starting ChromeDriver 110.0.5481.77 (65ed616c6e8ee3fe0ad64fe83796c020644d42af-refs/branch-heads/5481@{#839}) on port 62055
Only local connections are allowed.
Please see https://chromedriver.chromium.org/security-considerations for suggestions on keeping ChromeDriver safe.
ChromeDriver was started successfully.
[1676037516.734][WARNING]: virtual void DevToolsClientImpl::AddListener(DevToolsEventListener *) subscribing a listener to the already connected DevToolsClient. Connection notification will not arrive.
Feb 10, 2023 7:28:37 PM org.openqa.selenium.remote.ProtocolHandshake createSession
INFO: Detected dialect: W3C
Feb 10, 2023 7:28:37 PM org.openqa.selenium.devtools.CdpVersionFinder findNearestMatch
WARNING: Unable to find an exact match for CDP version 110, so returning the closest version found: a no-op implementation
Feb 10, 2023 7:28:37 PM org.openqa.selenium.devtools.CdpVersionFinder findNearestMatch
INFO: Unable to find CDP implementation matching 110.
Feb 10, 2023 7:28:37 PM org.openqa.selenium.chromium.ChromiumDriver lambda$new$3
WARNING: Unable to find version of CDP to use for . You may need to include a dependency on a specific version of the CDP using something similar to `org.seleniumhq.selenium:selenium-devtools-v86:4.1.1` where the version ("v86") matches the version of the chromium-based browser you're using and the version number of the artifact is the same as Selenium's.
]]></system-err>
  </testcase>
  <testcase name="customersButtonDisplayTest" classname="com.webbanking.testcases.TC_ManagerPage" time="0.436">
    <system-out><![CDATA[ INFO [main] (TC_ManagerPage.java:79)- ========== customersButtonDisplayTest START ==========
 INFO [main] (TC_ManagerPage.java:82)- verifying customers button
 INFO [main] (TC_ManagerPage.java:86)- Test Passed
 INFO [main] (TC_ManagerPage.java:93)- ========== customersButtonDisplayTest END ==========
]]></system-out>
    <system-err><![CDATA[Starting ChromeDriver 110.0.5481.77 (65ed616c6e8ee3fe0ad64fe83796c020644d42af-refs/branch-heads/5481@{#839}) on port 53442
Only local connections are allowed.
Please see https://chromedriver.chromium.org/security-considerations for suggestions on keeping ChromeDriver safe.
ChromeDriver was started successfully.
[1676037524.341][WARNING]: virtual void DevToolsClientImpl::AddListener(DevToolsEventListener *) subscribing a listener to the already connected DevToolsClient. Connection notification will not arrive.
Feb 10, 2023 7:28:45 PM org.openqa.selenium.remote.ProtocolHandshake createSession
INFO: Detected dialect: W3C
Feb 10, 2023 7:28:45 PM org.openqa.selenium.devtools.CdpVersionFinder findNearestMatch
WARNING: Unable to find an exact match for CDP version 110, so returning the closest version found: a no-op implementation
Feb 10, 2023 7:28:45 PM org.openqa.selenium.devtools.CdpVersionFinder findNearestMatch
INFO: Unable to find CDP implementation matching 110.
Feb 10, 2023 7:28:45 PM org.openqa.selenium.chromium.ChromiumDriver lambda$new$3
WARNING: Unable to find version of CDP to use for . You may need to include a dependency on a specific version of the CDP using something similar to `org.seleniumhq.selenium:selenium-devtools-v86:4.1.1` where the version ("v86") matches the version of the chromium-based browser you're using and the version number of the artifact is the same as Selenium's.
]]></system-err>
  </testcase>
  <testcase name="verifyTransactionDetailsTest" classname="com.webbanking.testcases.TC_TransactionDetailsPage" time="1.296">
    <system-out><![CDATA[ INFO [main] (TC_TransactionDetailsPage.java:57)- ========== verifyTransactionDetailsTest START ==========
 INFO [main] (TC_TransactionDetailsPage.java:60)- clicked on transactions button
 INFO [main] (TC_TransactionDetailsPage.java:63)- getting transaction details
 INFO [main] (TC_TransactionDetailsPage.java:67)- Test Passed
 INFO [main] (TC_TransactionDetailsPage.java:74)- ========== verifyTransactionDetailsTest END ==========
]]></system-out>
    <system-err><![CDATA[Starting ChromeDriver 110.0.5481.77 (65ed616c6e8ee3fe0ad64fe83796c020644d42af-refs/branch-heads/5481@{#839}) on port 63008
Only local connections are allowed.
Please see https://chromedriver.chromium.org/security-considerations for suggestions on keeping ChromeDriver safe.
ChromeDriver was started successfully.
[1676037532.107][WARNING]: virtual void DevToolsClientImpl::AddListener(DevToolsEventListener *) subscribing a listener to the already connected DevToolsClient. Connection notification will not arrive.
Feb 10, 2023 7:28:52 PM org.openqa.selenium.remote.ProtocolHandshake createSession
INFO: Detected dialect: W3C
Feb 10, 2023 7:28:52 PM org.openqa.selenium.devtools.CdpVersionFinder findNearestMatch
WARNING: Unable to find an exact match for CDP version 110, so returning the closest version found: a no-op implementation
Feb 10, 2023 7:28:52 PM org.openqa.selenium.devtools.CdpVersionFinder findNearestMatch
INFO: Unable to find CDP implementation matching 110.
Feb 10, 2023 7:28:52 PM org.openqa.selenium.chromium.ChromiumDriver lambda$new$3
WARNING: Unable to find version of CDP to use for . You may need to include a dependency on a specific version of the CDP using something similar to `org.seleniumhq.selenium:selenium-devtools-v86:4.1.1` where the version ("v86") matches the version of the chromium-based browser you're using and the version number of the artifact is the same as Selenium's.
]]></system-err>
  </testcase>
  <testcase name="customerLoginButtonDisplayTest" classname="com.webbanking.testcases.TC_LoginPage" time="0.687">
    <system-out><![CDATA[ INFO [main] (TC_LoginPage.java:40)- ========== customerLoginButtonDisplayTest START ==========
 INFO [main] (TC_LoginPage.java:43)- verifying customer login button display status
 INFO [main] (TC_LoginPage.java:47)- Test Passed
 INFO [main] (TC_LoginPage.java:54)- ========== customerLoginButtonDisplayTest END ==========
]]></system-out>
    <system-err><![CDATA[Starting ChromeDriver 110.0.5481.77 (65ed616c6e8ee3fe0ad64fe83796c020644d42af-refs/branch-heads/5481@{#839}) on port 54619
Only local connections are allowed.
Please see https://chromedriver.chromium.org/security-considerations for suggestions on keeping ChromeDriver safe.
ChromeDriver was started successfully.
[1676037544.984][WARNING]: virtual void DevToolsClientImpl::AddListener(DevToolsEventListener *) subscribing a listener to the already connected DevToolsClient. Connection notification will not arrive.
Feb 10, 2023 7:29:05 PM org.openqa.selenium.remote.ProtocolHandshake createSession
INFO: Detected dialect: W3C
Feb 10, 2023 7:29:05 PM org.openqa.selenium.devtools.CdpVersionFinder findNearestMatch
WARNING: Unable to find an exact match for CDP version 110, so returning the closest version found: a no-op implementation
Feb 10, 2023 7:29:05 PM org.openqa.selenium.devtools.CdpVersionFinder findNearestMatch
INFO: Unable to find CDP implementation matching 110.
Feb 10, 2023 7:29:05 PM org.openqa.selenium.chromium.ChromiumDriver lambda$new$3
WARNING: Unable to find version of CDP to use for . You may need to include a dependency on a specific version of the CDP using something similar to `org.seleniumhq.selenium:selenium-devtools-v86:4.1.1` where the version ("v86") matches the version of the chromium-based browser you're using and the version number of the artifact is the same as Selenium's.
]]></system-err>
  </testcase>
  <testcase name="managerLoginButtonDisplayTest" classname="com.webbanking.testcases.TC_LoginPage" time="0.715">
    <system-out><![CDATA[ INFO [main] (TC_LoginPage.java:60)- ========== managerLoginButtonDisplayTest START ==========
 INFO [main] (TC_LoginPage.java:63)- verifying manager login button display status
 INFO [main] (TC_LoginPage.java:67)- Test Passed
 INFO [main] (TC_LoginPage.java:74)- ========== managerLoginButtonDisplayTest END ==========
]]></system-out>
    <system-err><![CDATA[Starting ChromeDriver 110.0.5481.77 (65ed616c6e8ee3fe0ad64fe83796c020644d42af-refs/branch-heads/5481@{#839}) on port 56829
Only local connections are allowed.
Please see https://chromedriver.chromium.org/security-considerations for suggestions on keeping ChromeDriver safe.
ChromeDriver was started successfully.
[1676037552.300][WARNING]: virtual void DevToolsClientImpl::AddListener(DevToolsEventListener *) subscribing a listener to the already connected DevToolsClient. Connection notification will not arrive.
Feb 10, 2023 7:29:12 PM org.openqa.selenium.remote.ProtocolHandshake createSession
INFO: Detected dialect: W3C
Feb 10, 2023 7:29:12 PM org.openqa.selenium.devtools.CdpVersionFinder findNearestMatch
WARNING: Unable to find an exact match for CDP version 110, so returning the closest version found: a no-op implementation
Feb 10, 2023 7:29:12 PM org.openqa.selenium.devtools.CdpVersionFinder findNearestMatch
INFO: Unable to find CDP implementation matching 110.
Feb 10, 2023 7:29:12 PM org.openqa.selenium.chromium.ChromiumDriver lambda$new$3
WARNING: Unable to find version of CDP to use for . You may need to include a dependency on a specific version of the CDP using something similar to `org.seleniumhq.selenium:selenium-devtools-v86:4.1.1` where the version ("v86") matches the version of the chromium-based browser you're using and the version number of the artifact is the same as Selenium's.
]]></system-err>
  </testcase>
  <testcase name="depositTest" classname="com.webbanking.testcases.TC_AccountPage" time="1.685">
    <system-out><![CDATA[ INFO [main] (TC_AccountPage.java:46)- ========== depositTest START ==========
 INFO [main] (TC_AccountPage.java:49)- amount entered to deposit
 INFO [main] (TC_AccountPage.java:52)- clicked on button to deposit amount and saved message
 INFO [main] (TC_AccountPage.java:58)- Test Passed
 INFO [main] (TC_AccountPage.java:65)- ========== depositTest END ==========
]]></system-out>
    <system-err><![CDATA[Starting ChromeDriver 110.0.5481.77 (65ed616c6e8ee3fe0ad64fe83796c020644d42af-refs/branch-heads/5481@{#839}) on port 52317
Only local connections are allowed.
Please see https://chromedriver.chromium.org/security-considerations for suggestions on keeping ChromeDriver safe.
ChromeDriver was started successfully.
[1676037559.226][WARNING]: virtual void DevToolsClientImpl::AddListener(DevToolsEventListener *) subscribing a listener to the already connected DevToolsClient. Connection notification will not arrive.
Feb 10, 2023 7:29:19 PM org.openqa.selenium.remote.ProtocolHandshake createSession
INFO: Detected dialect: W3C
Feb 10, 2023 7:29:19 PM org.openqa.selenium.devtools.CdpVersionFinder findNearestMatch
WARNING: Unable to find an exact match for CDP version 110, so returning the closest version found: a no-op implementation
Feb 10, 2023 7:29:19 PM org.openqa.selenium.devtools.CdpVersionFinder findNearestMatch
INFO: Unable to find CDP implementation matching 110.
Feb 10, 2023 7:29:19 PM org.openqa.selenium.chromium.ChromiumDriver lambda$new$3
WARNING: Unable to find version of CDP to use for . You may need to include a dependency on a specific version of the CDP using something similar to `org.seleniumhq.selenium:selenium-devtools-v86:4.1.1` where the version ("v86") matches the version of the chromium-based browser you're using and the version number of the artifact is the same as Selenium's.
]]></system-err>
  </testcase>
  <testcase name="withdrawalTest" classname="com.webbanking.testcases.TC_AccountPage" time="3.437">
    <system-out><![CDATA[ INFO [main] (TC_AccountPage.java:71)- ========== withdrawalTest START ==========
 INFO [main] (TC_AccountPage.java:77)- amount entered to withdraw
 INFO [main] (TC_AccountPage.java:80)- clicked on button to withdraw amount and saved message
 INFO [main] (TC_AccountPage.java:86)- Test Passed
 INFO [main] (TC_AccountPage.java:93)- ========== withdrawalTest END ==========
]]></system-out>
    <system-err><![CDATA[Starting ChromeDriver 110.0.5481.77 (65ed616c6e8ee3fe0ad64fe83796c020644d42af-refs/branch-heads/5481@{#839}) on port 64443
Only local connections are allowed.
Please see https://chromedriver.chromium.org/security-considerations for suggestions on keeping ChromeDriver safe.
ChromeDriver was started successfully.
[1676037568.941][WARNING]: virtual void DevToolsClientImpl::AddListener(DevToolsEventListener *) subscribing a listener to the already connected DevToolsClient. Connection notification will not arrive.
Feb 10, 2023 7:29:29 PM org.openqa.selenium.remote.ProtocolHandshake createSession
INFO: Detected dialect: W3C
Feb 10, 2023 7:29:29 PM org.openqa.selenium.devtools.CdpVersionFinder findNearestMatch
WARNING: Unable to find an exact match for CDP version 110, so returning the closest version found: a no-op implementation
Feb 10, 2023 7:29:29 PM org.openqa.selenium.devtools.CdpVersionFinder findNearestMatch
INFO: Unable to find CDP implementation matching 110.
Feb 10, 2023 7:29:29 PM org.openqa.selenium.chromium.ChromiumDriver lambda$new$3
WARNING: Unable to find version of CDP to use for . You may need to include a dependency on a specific version of the CDP using something similar to `org.seleniumhq.selenium:selenium-devtools-v86:4.1.1` where the version ("v86") matches the version of the chromium-based browser you're using and the version number of the artifact is the same as Selenium's.
]]></system-err>
  </testcase>
  <testcase name="endToendTest[Santosh, Sharma, 12345, Rupee, 1100, 100](1)" classname="com.webbanking.testcases.TC_EndToEnd" time="12.105">
    <system-out><![CDATA[ INFO [main] (TC_EndToEnd.java:48)- ========== endToendTest START ==========
 INFO [main] (TC_EndToEnd.java:53)- clicked on managerlogin button
 INFO [main] (TC_EndToEnd.java:56)- clicked on addcustomer button
 INFO [main] (TC_EndToEnd.java:59)- entered first name, last name and postal code
 INFO [main] (TC_EndToEnd.java:62)- new customer added successfully
 INFO [main] (TC_EndToEnd.java:67)- clicked on openaccount button
 INFO [main] (TC_EndToEnd.java:70)- entered name and currency
 INFO [main] (TC_EndToEnd.java:73)- account opened successfully
 INFO [main] (TC_EndToEnd.java:76)- clicked on home button
 INFO [main] (TC_EndToEnd.java:79)- clicked on customerlogin button
 INFO [main] (TC_EndToEnd.java:82)- user selected from drop down
 INFO [main] (TC_EndToEnd.java:85)- login successful
 INFO [main] (TC_EndToEnd.java:88)- amount entered to deposit
 INFO [main] (TC_EndToEnd.java:91)- amount credited successfully
 INFO [main] (TC_EndToEnd.java:94)- amount entered to withdraw
 INFO [main] (TC_EndToEnd.java:97)- amount debited successfully
 INFO [main] (TC_EndToEnd.java:100)- clicked on transactions button
 INFO [main] (TC_EndToEnd.java:103)- getting transaction details
 INFO [main] (TC_EndToEnd.java:107)- Test Passed
 INFO [main] (TC_EndToEnd.java:114)- ========== endToendTest END ==========
]]></system-out>
    <system-err><![CDATA[Starting ChromeDriver 110.0.5481.77 (65ed616c6e8ee3fe0ad64fe83796c020644d42af-refs/branch-heads/5481@{#839}) on port 60623
Only local connections are allowed.
Please see https://chromedriver.chromium.org/security-considerations for suggestions on keeping ChromeDriver safe.
ChromeDriver was started successfully.
[1676037584.441][WARNING]: virtual void DevToolsClientImpl::AddListener(DevToolsEventListener *) subscribing a listener to the already connected DevToolsClient. Connection notification will not arrive.
Feb 10, 2023 7:29:44 PM org.openqa.selenium.remote.ProtocolHandshake createSession
INFO: Detected dialect: W3C
Feb 10, 2023 7:29:44 PM org.openqa.selenium.devtools.CdpVersionFinder findNearestMatch
WARNING: Unable to find an exact match for CDP version 110, so returning the closest version found: a no-op implementation
Feb 10, 2023 7:29:44 PM org.openqa.selenium.devtools.CdpVersionFinder findNearestMatch
INFO: Unable to find CDP implementation matching 110.
Feb 10, 2023 7:29:44 PM org.openqa.selenium.chromium.ChromiumDriver lambda$new$3
WARNING: Unable to find version of CDP to use for . You may need to include a dependency on a specific version of the CDP using something similar to `org.seleniumhq.selenium:selenium-devtools-v86:4.1.1` where the version ("v86") matches the version of the chromium-based browser you're using and the version number of the artifact is the same as Selenium's.
]]></system-err>
  </testcase>
</testsuite>