<?xml version="1.0" encoding="UTF-8"?>
<testng-results ignored="32" total="60" passed="28" failed="0" skipped="0">
  <reporter-output>
  </reporter-output>
  <suite started-at="2023-05-03T17:41:46 IST" name="Cross-Browser" finished-at="2023-05-03T17:50:38 IST" duration-ms="531377">
    <groups>
    </groups>
    <test started-at="2023-05-03T17:41:46 IST" name="Chrome-Test" finished-at="2023-05-03T17:45:15 IST" duration-ms="208998">
      <class name="com.webbanking.testcases.TC_TransactionDetailsPage">
        <test-method is-config="true" signature="beforeMethod(java.lang.String)[pri:0, instance:com.webbanking.testcases.TC_TransactionDetailsPage@245b4bdc]" started-at="2023-05-03T17:43:30 IST" name="beforeMethod" finished-at="2023-05-03T17:43:42 IST" duration-ms="11575" status="PASS">
          <params>
            <param index="0">
              <value>
                <![CDATA[chrome]]>
              </value>
            </param>
          </params>
          <reporter-output>
          </reporter-output>
        </test-method> <!-- beforeMethod -->
        <test-method signature="verifyTransactionDetailsTest()[pri:0, instance:com.webbanking.testcases.TC_TransactionDetailsPage@245b4bdc]" started-at="2023-05-03T17:43:42 IST" name="verifyTransactionDetailsTest" finished-at="2023-05-03T17:43:43 IST" duration-ms="1079" status="PASS">
          <reporter-output>
          </reporter-output>
        </test-method> <!-- verifyTransactionDetailsTest -->
        <test-method is-config="true" signature="afterMethod()[pri:0, instance:com.webbanking.testcases.TC_TransactionDetailsPage@245b4bdc]" started-at="2023-05-03T17:43:43 IST" name="afterMethod" finished-at="2023-05-03T17:43:43 IST" duration-ms="367" status="PASS">
          <reporter-output>
          </reporter-output>
        </test-method> <!-- afterMethod -->
      </class> <!-- com.webbanking.testcases.TC_TransactionDetailsPage -->
      <class name="com.webbanking.testcases.TC_EndToEnd">
        <test-method is-config="true" signature="beforeMethod(java.lang.String)[pri:0, instance:com.webbanking.testcases.TC_EndToEnd@37afeb11]" started-at="2023-05-03T17:42:44 IST" name="beforeMethod" finished-at="2023-05-03T17:42:50 IST" duration-ms="5380" status="PASS">
          <params>
            <param index="0">
              <value>
                <![CDATA[chrome]]>
              </value>
            </param>
          </params>
          <reporter-output>
          </reporter-output>
        </test-method> <!-- beforeMethod -->
        <test-method signature="endToendTest(java.lang.String,java.lang.String,java.lang.String,java.lang.String,java.lang.String,java.lang.String)[pri:0, instance:com.webbanking.testcases.TC_EndToEnd@37afeb11]" started-at="2023-05-03T17:42:50 IST" name="endToendTest" data-provider="e2eData" finished-at="2023-05-03T17:42:59 IST" duration-ms="9470" status="PASS">
          <params>
            <param index="0">
              <value>
                <![CDATA[Santosh]]>
              </value>
            </param>
            <param index="1">
              <value>
                <![CDATA[Sharma]]>
              </value>
            </param>
            <param index="2">
              <value>
                <![CDATA[12345]]>
              </value>
            </param>
            <param index="3">
              <value>
                <![CDATA[Rupee]]>
              </value>
            </param>
            <param index="4">
              <value>
                <![CDATA[1100]]>
              </value>
            </param>
            <param index="5">
              <value>
                <![CDATA[100]]>
              </value>
            </param>
          </params>
          <reporter-output>
          </reporter-output>
        </test-method> <!-- endToendTest -->
        <test-method is-config="true" signature="afterMethod()[pri:0, instance:com.webbanking.testcases.TC_EndToEnd@37afeb11]" started-at="2023-05-03T17:42:59 IST" name="afterMethod" finished-at="2023-05-03T17:42:59 IST" duration-ms="261" status="PASS">
          <reporter-output>
          </reporter-output>
        </test-method> <!-- afterMethod -->
      </class> <!-- com.webbanking.testcases.TC_EndToEnd -->
      <class name="com.webbanking.testcases.TC_AddCustomerPage">
        <test-method is-config="true" signature="beforeMethod(java.lang.String)[pri:0, instance:com.webbanking.testcases.TC_AddCustomerPage@52bf72b5]" started-at="2023-05-03T17:42:33 IST" name="beforeMethod" finished-at="2023-05-03T17:42:38 IST" duration-ms="5097" status="PASS">
          <params>
            <param index="0">
              <value>
                <![CDATA[chrome]]>
              </value>
            </param>
          </params>
          <reporter-output>
          </reporter-output>
        </test-method> <!-- beforeMethod -->
        <test-method signature="addCustomerTest()[pri:0, instance:com.webbanking.testcases.TC_AddCustomerPage@52bf72b5]" started-at="2023-05-03T17:42:38 IST" name="addCustomerTest" finished-at="2023-05-03T17:42:41 IST" duration-ms="3663" status="PASS">
          <reporter-output>
          </reporter-output>
        </test-method> <!-- addCustomerTest -->
        <test-method is-config="true" signature="afterMethod()[pri:0, instance:com.webbanking.testcases.TC_AddCustomerPage@52bf72b5]" started-at="2023-05-03T17:42:41 IST" name="afterMethod" finished-at="2023-05-03T17:42:42 IST" duration-ms="328" status="PASS">
          <reporter-output>
          </reporter-output>
        </test-method> <!-- afterMethod -->
      </class> <!-- com.webbanking.testcases.TC_AddCustomerPage -->
      <class name="com.webbanking.testcases.TC_ManagerPage">
        <test-method is-config="true" signature="beforeMethod(java.lang.String)[pri:0, instance:com.webbanking.testcases.TC_ManagerPage@dd8ba08]" started-at="2023-05-03T17:43:08 IST" name="beforeMethod" finished-at="2023-05-03T17:43:14 IST" duration-ms="6404" status="PASS">
          <params>
            <param index="0">
              <value>
                <![CDATA[chrome]]>
              </value>
            </param>
          </params>
          <reporter-output>
          </reporter-output>
        </test-method> <!-- beforeMethod -->
        <test-method signature="addCustomerButtonDisplayTest()[pri:0, instance:com.webbanking.testcases.TC_ManagerPage@dd8ba08]" started-at="2023-05-03T17:43:14 IST" name="addCustomerButtonDisplayTest" finished-at="2023-05-03T17:43:15 IST" duration-ms="396" status="PASS">
          <reporter-output>
          </reporter-output>
        </test-method> <!-- addCustomerButtonDisplayTest -->
        <test-method is-config="true" signature="afterMethod()[pri:0, instance:com.webbanking.testcases.TC_ManagerPage@dd8ba08]" started-at="2023-05-03T17:43:15 IST" name="afterMethod" finished-at="2023-05-03T17:43:15 IST" duration-ms="228" status="PASS">
          <reporter-output>
          </reporter-output>
        </test-method> <!-- afterMethod -->
        <test-method is-config="true" signature="beforeMethod(java.lang.String)[pri:0, instance:com.webbanking.testcases.TC_ManagerPage@dd8ba08]" started-at="2023-05-03T17:43:15 IST" name="beforeMethod" finished-at="2023-05-03T17:43:22 IST" duration-ms="7408" status="PASS">
          <params>
            <param index="0">
              <value>
                <![CDATA[chrome]]>
              </value>
            </param>
          </params>
          <reporter-output>
          </reporter-output>
        </test-method> <!-- beforeMethod -->
        <test-method signature="openAccountButtonDisplayTest()[pri:1, instance:com.webbanking.testcases.TC_ManagerPage@dd8ba08]" started-at="2023-05-03T17:43:22 IST" name="openAccountButtonDisplayTest" finished-at="2023-05-03T17:43:23 IST" duration-ms="390" status="PASS">
          <reporter-output>
          </reporter-output>
        </test-method> <!-- openAccountButtonDisplayTest -->
        <test-method is-config="true" signature="afterMethod()[pri:0, instance:com.webbanking.testcases.TC_ManagerPage@dd8ba08]" started-at="2023-05-03T17:43:23 IST" name="afterMethod" finished-at="2023-05-03T17:43:23 IST" duration-ms="246" status="PASS">
          <reporter-output>
          </reporter-output>
        </test-method> <!-- afterMethod -->
        <test-method is-config="true" signature="beforeMethod(java.lang.String)[pri:0, instance:com.webbanking.testcases.TC_ManagerPage@dd8ba08]" started-at="2023-05-03T17:43:23 IST" name="beforeMethod" finished-at="2023-05-03T17:43:29 IST" duration-ms="6340" status="PASS">
          <params>
            <param index="0">
              <value>
                <![CDATA[chrome]]>
              </value>
            </param>
          </params>
          <reporter-output>
          </reporter-output>
        </test-method> <!-- beforeMethod -->
        <test-method signature="customersButtonDisplayTest()[pri:2, instance:com.webbanking.testcases.TC_ManagerPage@dd8ba08]" started-at="2023-05-03T17:43:29 IST" name="customersButtonDisplayTest" finished-at="2023-05-03T17:43:30 IST" duration-ms="422" status="PASS">
          <reporter-output>
          </reporter-output>
        </test-method> <!-- customersButtonDisplayTest -->
        <test-method is-config="true" signature="afterMethod()[pri:0, instance:com.webbanking.testcases.TC_ManagerPage@dd8ba08]" started-at="2023-05-03T17:43:30 IST" name="afterMethod" finished-at="2023-05-03T17:43:30 IST" duration-ms="262" status="PASS">
          <reporter-output>
          </reporter-output>
        </test-method> <!-- afterMethod -->
      </class> <!-- com.webbanking.testcases.TC_ManagerPage -->
      <class name="com.webbanking.testcases.TC_CustomerPage">
        <test-method is-config="true" signature="beforeMethod(java.lang.String)[pri:0, instance:com.webbanking.testcases.TC_CustomerPage@515aebb0]" started-at="2023-05-03T17:42:59 IST" name="beforeMethod" finished-at="2023-05-03T17:43:06 IST" duration-ms="6699" status="PASS">
          <params>
            <param index="0">
              <value>
                <![CDATA[chrome]]>
              </value>
            </param>
          </params>
          <reporter-output>
          </reporter-output>
        </test-method> <!-- beforeMethod -->
        <test-method signature="customerLoginTest()[pri:0, instance:com.webbanking.testcases.TC_CustomerPage@515aebb0]" started-at="2023-05-03T17:43:06 IST" name="customerLoginTest" finished-at="2023-05-03T17:43:08 IST" duration-ms="1644" status="PASS">
          <reporter-output>
          </reporter-output>
        </test-method> <!-- customerLoginTest -->
        <test-method is-config="true" signature="afterMethod()[pri:0, instance:com.webbanking.testcases.TC_CustomerPage@515aebb0]" started-at="2023-05-03T17:43:08 IST" name="afterMethod" finished-at="2023-05-03T17:43:08 IST" duration-ms="268" status="PASS">
          <reporter-output>
          </reporter-output>
        </test-method> <!-- afterMethod -->
      </class> <!-- com.webbanking.testcases.TC_CustomerPage -->
      <class name="com.webbanking.testcases.TC_LoginPage">
        <test-method is-config="true" signature="beforeMethod(java.lang.String)[pri:0, instance:com.webbanking.testcases.TC_LoginPage@6c64cb25]" started-at="2023-05-03T17:43:43 IST" name="beforeMethod" finished-at="2023-05-03T17:43:50 IST" duration-ms="7217" status="PASS">
          <params>
            <param index="0">
              <value>
                <![CDATA[chrome]]>
              </value>
            </param>
          </params>
          <reporter-output>
          </reporter-output>
        </test-method> <!-- beforeMethod -->
        <test-method signature="customerLoginButtonDisplayTest()[pri:0, instance:com.webbanking.testcases.TC_LoginPage@6c64cb25]" started-at="2023-05-03T17:43:50 IST" name="customerLoginButtonDisplayTest" finished-at="2023-05-03T17:43:51 IST" duration-ms="871" status="PASS">
          <reporter-output>
          </reporter-output>
        </test-method> <!-- customerLoginButtonDisplayTest -->
        <test-method is-config="true" signature="afterMethod()[pri:0, instance:com.webbanking.testcases.TC_LoginPage@6c64cb25]" started-at="2023-05-03T17:43:51 IST" name="afterMethod" finished-at="2023-05-03T17:43:51 IST" duration-ms="368" status="PASS">
          <reporter-output>
          </reporter-output>
        </test-method> <!-- afterMethod -->
        <test-method is-config="true" signature="beforeMethod(java.lang.String)[pri:0, instance:com.webbanking.testcases.TC_LoginPage@6c64cb25]" started-at="2023-05-03T17:43:51 IST" name="beforeMethod" finished-at="2023-05-03T17:44:37 IST" duration-ms="45968" status="PASS">
          <params>
            <param index="0">
              <value>
                <![CDATA[chrome]]>
              </value>
            </param>
          </params>
          <reporter-output>
          </reporter-output>
        </test-method> <!-- beforeMethod -->
        <test-method signature="managerLoginButtonDisplayTest()[pri:1, instance:com.webbanking.testcases.TC_LoginPage@6c64cb25]" started-at="2023-05-03T17:44:37 IST" name="managerLoginButtonDisplayTest" finished-at="2023-05-03T17:44:38 IST" duration-ms="1062" status="PASS">
          <reporter-output>
          </reporter-output>
        </test-method> <!-- managerLoginButtonDisplayTest -->
        <test-method is-config="true" signature="afterMethod()[pri:0, instance:com.webbanking.testcases.TC_LoginPage@6c64cb25]" started-at="2023-05-03T17:44:38 IST" name="afterMethod" finished-at="2023-05-03T17:44:39 IST" duration-ms="252" status="PASS">
          <reporter-output>
          </reporter-output>
        </test-method> <!-- afterMethod -->
      </class> <!-- com.webbanking.testcases.TC_LoginPage -->
      <class name="com.webbanking.testcases.TC_CustomerDetailsPage">
        <test-method is-config="true" signature="beforeMethod(java.lang.String)[pri:0, instance:com.webbanking.testcases.TC_CustomerDetailsPage@1aa7ecca]" started-at="2023-05-03T17:41:46 IST" name="beforeMethod" finished-at="2023-05-03T17:42:06 IST" duration-ms="19611" status="PASS">
          <params>
            <param index="0">
              <value>
                <![CDATA[chrome]]>
              </value>
            </param>
          </params>
          <reporter-output>
          </reporter-output>
        </test-method> <!-- beforeMethod -->
        <test-method signature="verifyCustomerDetailsTest()[pri:0, instance:com.webbanking.testcases.TC_CustomerDetailsPage@1aa7ecca]" started-at="2023-05-03T17:42:06 IST" name="verifyCustomerDetailsTest" finished-at="2023-05-03T17:42:07 IST" duration-ms="1599" status="PASS">
          <reporter-output>
          </reporter-output>
        </test-method> <!-- verifyCustomerDetailsTest -->
        <test-method is-config="true" signature="afterMethod()[pri:0, instance:com.webbanking.testcases.TC_CustomerDetailsPage@1aa7ecca]" started-at="2023-05-03T17:42:07 IST" name="afterMethod" finished-at="2023-05-03T17:42:08 IST" duration-ms="457" status="PASS">
          <reporter-output>
          </reporter-output>
        </test-method> <!-- afterMethod -->
        <test-method is-config="true" signature="beforeMethod(java.lang.String)[pri:0, instance:com.webbanking.testcases.TC_CustomerDetailsPage@1aa7ecca]" started-at="2023-05-03T17:42:08 IST" name="beforeMethod" finished-at="2023-05-03T17:42:21 IST" duration-ms="12657" status="PASS">
          <params>
            <param index="0">
              <value>
                <![CDATA[chrome]]>
              </value>
            </param>
          </params>
          <reporter-output>
          </reporter-output>
        </test-method> <!-- beforeMethod -->
        <test-method signature="deleteCustomerTest()[pri:1, instance:com.webbanking.testcases.TC_CustomerDetailsPage@1aa7ecca]" started-at="2023-05-03T17:42:21 IST" name="deleteCustomerTest" finished-at="2023-05-03T17:42:32 IST" duration-ms="11503" status="PASS">
          <reporter-output>
          </reporter-output>
        </test-method> <!-- deleteCustomerTest -->
        <test-method is-config="true" signature="afterMethod()[pri:0, instance:com.webbanking.testcases.TC_CustomerDetailsPage@1aa7ecca]" started-at="2023-05-03T17:42:32 IST" name="afterMethod" finished-at="2023-05-03T17:42:33 IST" duration-ms="674" status="PASS">
          <reporter-output>
          </reporter-output>
        </test-method> <!-- afterMethod -->
      </class> <!-- com.webbanking.testcases.TC_CustomerDetailsPage -->
      <class name="com.webbanking.testcases.TC_OpenAccountPage">
        <test-method is-config="true" signature="beforeMethod(java.lang.String)[pri:0, instance:com.webbanking.testcases.TC_OpenAccountPage@222545dc]" started-at="2023-05-03T17:45:02 IST" name="beforeMethod" finished-at="2023-05-03T17:45:12 IST" duration-ms="10933" status="PASS">
          <params>
            <param index="0">
              <value>
                <![CDATA[chrome]]>
              </value>
            </param>
          </params>
          <reporter-output>
          </reporter-output>
        </test-method> <!-- beforeMethod -->
        <test-method signature="openAccountTest()[pri:0, instance:com.webbanking.testcases.TC_OpenAccountPage@222545dc]" started-at="2023-05-03T17:45:12 IST" name="openAccountTest" finished-at="2023-05-03T17:45:14 IST" duration-ms="1747" status="PASS">
          <reporter-output>
          </reporter-output>
        </test-method> <!-- openAccountTest -->
        <test-method is-config="true" signature="afterMethod()[pri:0, instance:com.webbanking.testcases.TC_OpenAccountPage@222545dc]" started-at="2023-05-03T17:45:14 IST" name="afterMethod" finished-at="2023-05-03T17:45:15 IST" duration-ms="944" status="PASS">
          <reporter-output>
          </reporter-output>
        </test-method> <!-- afterMethod -->
      </class> <!-- com.webbanking.testcases.TC_OpenAccountPage -->
      <class name="com.webbanking.testcases.TC_AccountPage">
        <test-method is-config="true" signature="beforeMethod(java.lang.String)[pri:0, instance:com.webbanking.testcases.TC_AccountPage@6ae5aa72]" started-at="2023-05-03T17:44:39 IST" name="beforeMethod" finished-at="2023-05-03T17:44:49 IST" duration-ms="10413" status="PASS">
          <params>
            <param index="0">
              <value>
                <![CDATA[chrome]]>
              </value>
            </param>
          </params>
          <reporter-output>
          </reporter-output>
        </test-method> <!-- beforeMethod -->
        <test-method signature="depositTest()[pri:0, instance:com.webbanking.testcases.TC_AccountPage@6ae5aa72]" started-at="2023-05-03T17:44:49 IST" name="depositTest" finished-at="2023-05-03T17:44:51 IST" duration-ms="1408" status="PASS">
          <reporter-output>
          </reporter-output>
        </test-method> <!-- depositTest -->
        <test-method is-config="true" signature="afterMethod()[pri:0, instance:com.webbanking.testcases.TC_AccountPage@6ae5aa72]" started-at="2023-05-03T17:44:51 IST" name="afterMethod" finished-at="2023-05-03T17:44:51 IST" duration-ms="295" status="PASS">
          <reporter-output>
          </reporter-output>
        </test-method> <!-- afterMethod -->
        <test-method is-config="true" signature="beforeMethod(java.lang.String)[pri:0, instance:com.webbanking.testcases.TC_AccountPage@6ae5aa72]" started-at="2023-05-03T17:44:51 IST" name="beforeMethod" finished-at="2023-05-03T17:44:59 IST" duration-ms="7892" status="PASS">
          <params>
            <param index="0">
              <value>
                <![CDATA[chrome]]>
              </value>
            </param>
          </params>
          <reporter-output>
          </reporter-output>
        </test-method> <!-- beforeMethod -->
        <test-method signature="withdrawalTest()[pri:1, instance:com.webbanking.testcases.TC_AccountPage@6ae5aa72]" started-at="2023-05-03T17:44:59 IST" name="withdrawalTest" finished-at="2023-05-03T17:45:01 IST" duration-ms="2546" status="PASS">
          <reporter-output>
          </reporter-output>
        </test-method> <!-- withdrawalTest -->
        <test-method is-config="true" signature="afterMethod()[pri:0, instance:com.webbanking.testcases.TC_AccountPage@6ae5aa72]" started-at="2023-05-03T17:45:01 IST" name="afterMethod" finished-at="2023-05-03T17:45:02 IST" duration-ms="243" status="PASS">
          <reporter-output>
          </reporter-output>
        </test-method> <!-- afterMethod -->
      </class> <!-- com.webbanking.testcases.TC_AccountPage -->
    </test> <!-- Chrome-Test -->
    <test started-at="2023-05-03T17:45:15 IST" name="FireFox-Test" finished-at="2023-05-03T17:50:38 IST" duration-ms="322340">
      <class name="com.webbanking.testcases.TC_TransactionDetailsPage">
        <test-method is-config="true" signature="beforeMethod(java.lang.String)[pri:0, instance:com.webbanking.testcases.TC_TransactionDetailsPage@6aeb35e6]" started-at="2023-05-03T17:48:39 IST" name="beforeMethod" finished-at="2023-05-03T17:48:59 IST" duration-ms="19470" status="PASS">
          <params>
            <param index="0">
              <value>
                <![CDATA[firefox]]>
              </value>
            </param>
          </params>
          <reporter-output>
          </reporter-output>
        </test-method> <!-- beforeMethod -->
        <test-method signature="verifyTransactionDetailsTest()[pri:0, instance:com.webbanking.testcases.TC_TransactionDetailsPage@6aeb35e6]" started-at="2023-05-03T17:48:59 IST" name="verifyTransactionDetailsTest" finished-at="2023-05-03T17:49:00 IST" duration-ms="766" status="PASS">
          <reporter-output>
          </reporter-output>
        </test-method> <!-- verifyTransactionDetailsTest -->
        <test-method is-config="true" signature="afterMethod()[pri:0, instance:com.webbanking.testcases.TC_TransactionDetailsPage@6aeb35e6]" started-at="2023-05-03T17:49:00 IST" name="afterMethod" finished-at="2023-05-03T17:49:02 IST" duration-ms="2696" status="PASS">
          <reporter-output>
          </reporter-output>
        </test-method> <!-- afterMethod -->
      </class> <!-- com.webbanking.testcases.TC_TransactionDetailsPage -->
      <class name="com.webbanking.testcases.TC_AddCustomerPage">
        <test-method is-config="true" signature="beforeMethod(java.lang.String)[pri:0, instance:com.webbanking.testcases.TC_AddCustomerPage@7d8995e]" started-at="2023-05-03T17:46:40 IST" name="beforeMethod" finished-at="2023-05-03T17:46:53 IST" duration-ms="13310" status="PASS">
          <params>
            <param index="0">
              <value>
                <![CDATA[firefox]]>
              </value>
            </param>
          </params>
          <reporter-output>
          </reporter-output>
        </test-method> <!-- beforeMethod -->
        <test-method signature="addCustomerTest()[pri:0, instance:com.webbanking.testcases.TC_AddCustomerPage@7d8995e]" started-at="2023-05-03T17:46:53 IST" name="addCustomerTest" finished-at="2023-05-03T17:46:56 IST" duration-ms="3373" status="PASS">
          <reporter-output>
          </reporter-output>
        </test-method> <!-- addCustomerTest -->
        <test-method is-config="true" signature="afterMethod()[pri:0, instance:com.webbanking.testcases.TC_AddCustomerPage@7d8995e]" started-at="2023-05-03T17:46:56 IST" name="afterMethod" finished-at="2023-05-03T17:47:01 IST" duration-ms="4050" status="PASS">
          <reporter-output>
          </reporter-output>
        </test-method> <!-- afterMethod -->
      </class> <!-- com.webbanking.testcases.TC_AddCustomerPage -->
      <class name="com.webbanking.testcases.TC_EndToEnd">
        <test-method is-config="true" signature="beforeMethod(java.lang.String)[pri:0, instance:com.webbanking.testcases.TC_EndToEnd@130d63be]" started-at="2023-05-03T17:47:01 IST" name="beforeMethod" finished-at="2023-05-03T17:47:12 IST" duration-ms="11426" status="PASS">
          <params>
            <param index="0">
              <value>
                <![CDATA[firefox]]>
              </value>
            </param>
          </params>
          <reporter-output>
          </reporter-output>
        </test-method> <!-- beforeMethod -->
        <test-method signature="endToendTest(java.lang.String,java.lang.String,java.lang.String,java.lang.String,java.lang.String,java.lang.String)[pri:0, instance:com.webbanking.testcases.TC_EndToEnd@130d63be]" started-at="2023-05-03T17:47:12 IST" name="endToendTest" data-provider="e2eData" finished-at="2023-05-03T17:47:22 IST" duration-ms="9389" status="PASS">
          <params>
            <param index="0">
              <value>
                <![CDATA[Santosh]]>
              </value>
            </param>
            <param index="1">
              <value>
                <![CDATA[Sharma]]>
              </value>
            </param>
            <param index="2">
              <value>
                <![CDATA[12345]]>
              </value>
            </param>
            <param index="3">
              <value>
                <![CDATA[Rupee]]>
              </value>
            </param>
            <param index="4">
              <value>
                <![CDATA[1100]]>
              </value>
            </param>
            <param index="5">
              <value>
                <![CDATA[100]]>
              </value>
            </param>
          </params>
          <reporter-output>
          </reporter-output>
        </test-method> <!-- endToendTest -->
        <test-method is-config="true" signature="afterMethod()[pri:0, instance:com.webbanking.testcases.TC_EndToEnd@130d63be]" started-at="2023-05-03T17:47:22 IST" name="afterMethod" finished-at="2023-05-03T17:47:23 IST" duration-ms="1632" status="PASS">
          <reporter-output>
          </reporter-output>
        </test-method> <!-- afterMethod -->
      </class> <!-- com.webbanking.testcases.TC_EndToEnd -->
      <class name="com.webbanking.testcases.TC_ManagerPage">
        <test-method is-config="true" signature="beforeMethod(java.lang.String)[pri:0, instance:com.webbanking.testcases.TC_ManagerPage@293a5bf6]" started-at="2023-05-03T17:47:43 IST" name="beforeMethod" finished-at="2023-05-03T17:47:56 IST" duration-ms="13117" status="PASS">
          <params>
            <param index="0">
              <value>
                <![CDATA[firefox]]>
              </value>
            </param>
          </params>
          <reporter-output>
          </reporter-output>
        </test-method> <!-- beforeMethod -->
        <test-method signature="addCustomerButtonDisplayTest()[pri:0, instance:com.webbanking.testcases.TC_ManagerPage@293a5bf6]" started-at="2023-05-03T17:47:56 IST" name="addCustomerButtonDisplayTest" finished-at="2023-05-03T17:47:56 IST" duration-ms="149" status="PASS">
          <reporter-output>
          </reporter-output>
        </test-method> <!-- addCustomerButtonDisplayTest -->
        <test-method is-config="true" signature="afterMethod()[pri:0, instance:com.webbanking.testcases.TC_ManagerPage@293a5bf6]" started-at="2023-05-03T17:47:56 IST" name="afterMethod" finished-at="2023-05-03T17:48:00 IST" duration-ms="3818" status="PASS">
          <reporter-output>
          </reporter-output>
        </test-method> <!-- afterMethod -->
        <test-method is-config="true" signature="beforeMethod(java.lang.String)[pri:0, instance:com.webbanking.testcases.TC_ManagerPage@293a5bf6]" started-at="2023-05-03T17:48:00 IST" name="beforeMethod" finished-at="2023-05-03T17:48:13 IST" duration-ms="12821" status="PASS">
          <params>
            <param index="0">
              <value>
                <![CDATA[firefox]]>
              </value>
            </param>
          </params>
          <reporter-output>
          </reporter-output>
        </test-method> <!-- beforeMethod -->
        <test-method signature="openAccountButtonDisplayTest()[pri:1, instance:com.webbanking.testcases.TC_ManagerPage@293a5bf6]" started-at="2023-05-03T17:48:13 IST" name="openAccountButtonDisplayTest" finished-at="2023-05-03T17:48:13 IST" duration-ms="136" status="PASS">
          <reporter-output>
          </reporter-output>
        </test-method> <!-- openAccountButtonDisplayTest -->
        <test-method is-config="true" signature="afterMethod()[pri:0, instance:com.webbanking.testcases.TC_ManagerPage@293a5bf6]" started-at="2023-05-03T17:48:13 IST" name="afterMethod" finished-at="2023-05-03T17:48:17 IST" duration-ms="3977" status="PASS">
          <reporter-output>
          </reporter-output>
        </test-method> <!-- afterMethod -->
        <test-method is-config="true" signature="beforeMethod(java.lang.String)[pri:0, instance:com.webbanking.testcases.TC_ManagerPage@293a5bf6]" started-at="2023-05-03T17:48:17 IST" name="beforeMethod" finished-at="2023-05-03T17:48:33 IST" duration-ms="15889" status="PASS">
          <params>
            <param index="0">
              <value>
                <![CDATA[firefox]]>
              </value>
            </param>
          </params>
          <reporter-output>
          </reporter-output>
        </test-method> <!-- beforeMethod -->
        <test-method signature="customersButtonDisplayTest()[pri:2, instance:com.webbanking.testcases.TC_ManagerPage@293a5bf6]" started-at="2023-05-03T17:48:33 IST" name="customersButtonDisplayTest" finished-at="2023-05-03T17:48:33 IST" duration-ms="142" status="PASS">
          <reporter-output>
          </reporter-output>
        </test-method> <!-- customersButtonDisplayTest -->
        <test-method is-config="true" signature="afterMethod()[pri:0, instance:com.webbanking.testcases.TC_ManagerPage@293a5bf6]" started-at="2023-05-03T17:48:33 IST" name="afterMethod" finished-at="2023-05-03T17:48:39 IST" duration-ms="6661" status="PASS">
          <reporter-output>
          </reporter-output>
        </test-method> <!-- afterMethod -->
      </class> <!-- com.webbanking.testcases.TC_ManagerPage -->
      <class name="com.webbanking.testcases.TC_CustomerPage">
        <test-method is-config="true" signature="beforeMethod(java.lang.String)[pri:0, instance:com.webbanking.testcases.TC_CustomerPage@42a48628]" started-at="2023-05-03T17:47:23 IST" name="beforeMethod" finished-at="2023-05-03T17:47:37 IST" duration-ms="13719" status="PASS">
          <params>
            <param index="0">
              <value>
                <![CDATA[firefox]]>
              </value>
            </param>
          </params>
          <reporter-output>
          </reporter-output>
        </test-method> <!-- beforeMethod -->
        <test-method signature="customerLoginTest()[pri:0, instance:com.webbanking.testcases.TC_CustomerPage@42a48628]" started-at="2023-05-03T17:47:37 IST" name="customerLoginTest" finished-at="2023-05-03T17:47:39 IST" duration-ms="1820" status="PASS">
          <reporter-output>
          </reporter-output>
        </test-method> <!-- customerLoginTest -->
        <test-method is-config="true" signature="afterMethod()[pri:0, instance:com.webbanking.testcases.TC_CustomerPage@42a48628]" started-at="2023-05-03T17:47:39 IST" name="afterMethod" finished-at="2023-05-03T17:47:43 IST" duration-ms="3889" status="PASS">
          <reporter-output>
          </reporter-output>
        </test-method> <!-- afterMethod -->
      </class> <!-- com.webbanking.testcases.TC_CustomerPage -->
      <class name="com.webbanking.testcases.TC_LoginPage">
        <test-method is-config="true" signature="beforeMethod(java.lang.String)[pri:0, instance:com.webbanking.testcases.TC_LoginPage@1283bb96]" started-at="2023-05-03T17:49:02 IST" name="beforeMethod" finished-at="2023-05-03T17:49:16 IST" duration-ms="13513" status="PASS">
          <params>
            <param index="0">
              <value>
                <![CDATA[firefox]]>
              </value>
            </param>
          </params>
          <reporter-output>
          </reporter-output>
        </test-method> <!-- beforeMethod -->
        <test-method signature="customerLoginButtonDisplayTest()[pri:0, instance:com.webbanking.testcases.TC_LoginPage@1283bb96]" started-at="2023-05-03T17:49:16 IST" name="customerLoginButtonDisplayTest" finished-at="2023-05-03T17:49:17 IST" duration-ms="719" status="PASS">
          <reporter-output>
          </reporter-output>
        </test-method> <!-- customerLoginButtonDisplayTest -->
        <test-method is-config="true" signature="afterMethod()[pri:0, instance:com.webbanking.testcases.TC_LoginPage@1283bb96]" started-at="2023-05-03T17:49:17 IST" name="afterMethod" finished-at="2023-05-03T17:49:20 IST" duration-ms="3653" status="PASS">
          <reporter-output>
          </reporter-output>
        </test-method> <!-- afterMethod -->
        <test-method is-config="true" signature="beforeMethod(java.lang.String)[pri:0, instance:com.webbanking.testcases.TC_LoginPage@1283bb96]" started-at="2023-05-03T17:49:20 IST" name="beforeMethod" finished-at="2023-05-03T17:49:32 IST" duration-ms="12026" status="PASS">
          <params>
            <param index="0">
              <value>
                <![CDATA[firefox]]>
              </value>
            </param>
          </params>
          <reporter-output>
          </reporter-output>
        </test-method> <!-- beforeMethod -->
        <test-method signature="managerLoginButtonDisplayTest()[pri:1, instance:com.webbanking.testcases.TC_LoginPage@1283bb96]" started-at="2023-05-03T17:49:32 IST" name="managerLoginButtonDisplayTest" finished-at="2023-05-03T17:49:33 IST" duration-ms="745" status="PASS">
          <reporter-output>
          </reporter-output>
        </test-method> <!-- managerLoginButtonDisplayTest -->
        <test-method is-config="true" signature="afterMethod()[pri:0, instance:com.webbanking.testcases.TC_LoginPage@1283bb96]" started-at="2023-05-03T17:49:33 IST" name="afterMethod" finished-at="2023-05-03T17:49:36 IST" duration-ms="3358" status="PASS">
          <reporter-output>
          </reporter-output>
        </test-method> <!-- afterMethod -->
      </class> <!-- com.webbanking.testcases.TC_LoginPage -->
      <class name="com.webbanking.testcases.TC_CustomerDetailsPage">
        <test-method is-config="true" signature="beforeSuite()[pri:0, instance:com.webbanking.testcases.TC_CustomerDetailsPage@6cf0e0ba]" started-at="2023-05-03T17:41:45 IST" name="beforeSuite" finished-at="2023-05-03T17:41:46 IST" duration-ms="727" status="PASS">
          <reporter-output>
          </reporter-output>
        </test-method> <!-- beforeSuite -->
        <test-method is-config="true" signature="beforeMethod(java.lang.String)[pri:0, instance:com.webbanking.testcases.TC_CustomerDetailsPage@6cf0e0ba]" started-at="2023-05-03T17:45:15 IST" name="beforeMethod" finished-at="2023-05-03T17:46:02 IST" duration-ms="46888" status="PASS">
          <params>
            <param index="0">
              <value>
                <![CDATA[firefox]]>
              </value>
            </param>
          </params>
          <reporter-output>
          </reporter-output>
        </test-method> <!-- beforeMethod -->
        <test-method signature="verifyCustomerDetailsTest()[pri:0, instance:com.webbanking.testcases.TC_CustomerDetailsPage@6cf0e0ba]" started-at="2023-05-03T17:46:02 IST" name="verifyCustomerDetailsTest" finished-at="2023-05-03T17:46:03 IST" duration-ms="1113" status="PASS">
          <reporter-output>
          </reporter-output>
        </test-method> <!-- verifyCustomerDetailsTest -->
        <test-method is-config="true" signature="afterMethod()[pri:0, instance:com.webbanking.testcases.TC_CustomerDetailsPage@6cf0e0ba]" started-at="2023-05-03T17:46:03 IST" name="afterMethod" finished-at="2023-05-03T17:46:05 IST" duration-ms="2094" status="PASS">
          <reporter-output>
          </reporter-output>
        </test-method> <!-- afterMethod -->
        <test-method is-config="true" signature="beforeMethod(java.lang.String)[pri:0, instance:com.webbanking.testcases.TC_CustomerDetailsPage@6cf0e0ba]" started-at="2023-05-03T17:46:05 IST" name="beforeMethod" finished-at="2023-05-03T17:46:26 IST" duration-ms="20600" status="PASS">
          <params>
            <param index="0">
              <value>
                <![CDATA[firefox]]>
              </value>
            </param>
          </params>
          <reporter-output>
          </reporter-output>
        </test-method> <!-- beforeMethod -->
        <test-method signature="deleteCustomerTest()[pri:1, instance:com.webbanking.testcases.TC_CustomerDetailsPage@6cf0e0ba]" started-at="2023-05-03T17:46:26 IST" name="deleteCustomerTest" finished-at="2023-05-03T17:46:37 IST" duration-ms="11411" status="PASS">
          <reporter-output>
          </reporter-output>
        </test-method> <!-- deleteCustomerTest -->
        <test-method is-config="true" signature="afterMethod()[pri:0, instance:com.webbanking.testcases.TC_CustomerDetailsPage@6cf0e0ba]" started-at="2023-05-03T17:46:37 IST" name="afterMethod" finished-at="2023-05-03T17:46:40 IST" duration-ms="2496" status="PASS">
          <reporter-output>
          </reporter-output>
        </test-method> <!-- afterMethod -->
        <test-method is-config="true" signature="afterSuite()[pri:0, instance:com.webbanking.testcases.TC_CustomerDetailsPage@6cf0e0ba]" started-at="2023-05-03T17:50:38 IST" name="afterSuite" finished-at="2023-05-03T17:50:39 IST" duration-ms="1872" status="PASS">
          <reporter-output>
          </reporter-output>
        </test-method> <!-- afterSuite -->
      </class> <!-- com.webbanking.testcases.TC_CustomerDetailsPage -->
      <class name="com.webbanking.testcases.TC_OpenAccountPage">
        <test-method is-config="true" signature="beforeMethod(java.lang.String)[pri:0, instance:com.webbanking.testcases.TC_OpenAccountPage@f6efaab]" started-at="2023-05-03T17:50:15 IST" name="beforeMethod" finished-at="2023-05-03T17:50:33 IST" duration-ms="17866" status="PASS">
          <params>
            <param index="0">
              <value>
                <![CDATA[firefox]]>
              </value>
            </param>
          </params>
          <reporter-output>
          </reporter-output>
        </test-method> <!-- beforeMethod -->
        <test-method signature="openAccountTest()[pri:0, instance:com.webbanking.testcases.TC_OpenAccountPage@f6efaab]" started-at="2023-05-03T17:50:33 IST" name="openAccountTest" finished-at="2023-05-03T17:50:35 IST" duration-ms="1746" status="PASS">
          <reporter-output>
          </reporter-output>
        </test-method> <!-- openAccountTest -->
        <test-method is-config="true" signature="afterMethod()[pri:0, instance:com.webbanking.testcases.TC_OpenAccountPage@f6efaab]" started-at="2023-05-03T17:50:35 IST" name="afterMethod" finished-at="2023-05-03T17:50:38 IST" duration-ms="2667" status="PASS">
          <reporter-output>
          </reporter-output>
        </test-method> <!-- afterMethod -->
      </class> <!-- com.webbanking.testcases.TC_OpenAccountPage -->
      <class name="com.webbanking.testcases.TC_AccountPage">
        <test-method is-config="true" signature="beforeMethod(java.lang.String)[pri:0, instance:com.webbanking.testcases.TC_AccountPage@74f0ea28]" started-at="2023-05-03T17:49:36 IST" name="beforeMethod" finished-at="2023-05-03T17:49:50 IST" duration-ms="13728" status="PASS">
          <params>
            <param index="0">
              <value>
                <![CDATA[firefox]]>
              </value>
            </param>
          </params>
          <reporter-output>
          </reporter-output>
        </test-method> <!-- beforeMethod -->
        <test-method signature="depositTest()[pri:0, instance:com.webbanking.testcases.TC_AccountPage@74f0ea28]" started-at="2023-05-03T17:49:50 IST" name="depositTest" finished-at="2023-05-03T17:49:51 IST" duration-ms="1234" status="PASS">
          <reporter-output>
          </reporter-output>
        </test-method> <!-- depositTest -->
        <test-method is-config="true" signature="afterMethod()[pri:0, instance:com.webbanking.testcases.TC_AccountPage@74f0ea28]" started-at="2023-05-03T17:49:51 IST" name="afterMethod" finished-at="2023-05-03T17:49:54 IST" duration-ms="3057" status="PASS">
          <reporter-output>
          </reporter-output>
        </test-method> <!-- afterMethod -->
        <test-method is-config="true" signature="beforeMethod(java.lang.String)[pri:0, instance:com.webbanking.testcases.TC_AccountPage@74f0ea28]" started-at="2023-05-03T17:49:54 IST" name="beforeMethod" finished-at="2023-05-03T17:50:08 IST" duration-ms="13378" status="PASS">
          <params>
            <param index="0">
              <value>
                <![CDATA[firefox]]>
              </value>
            </param>
          </params>
          <reporter-output>
          </reporter-output>
        </test-method> <!-- beforeMethod -->
        <test-method signature="withdrawalTest()[pri:1, instance:com.webbanking.testcases.TC_AccountPage@74f0ea28]" started-at="2023-05-03T17:50:08 IST" name="withdrawalTest" finished-at="2023-05-03T17:50:11 IST" duration-ms="2834" status="PASS">
          <reporter-output>
          </reporter-output>
        </test-method> <!-- withdrawalTest -->
        <test-method is-config="true" signature="afterMethod()[pri:0, instance:com.webbanking.testcases.TC_AccountPage@74f0ea28]" started-at="2023-05-03T17:50:11 IST" name="afterMethod" finished-at="2023-05-03T17:50:15 IST" duration-ms="4619" status="PASS">
          <reporter-output>
          </reporter-output>
        </test-method> <!-- afterMethod -->
      </class> <!-- com.webbanking.testcases.TC_AccountPage -->
    </test> <!-- FireFox-Test -->
  </suite> <!-- Cross-Browser -->
</testng-results>
