<?xml version="1.0" encoding="UTF-8"?>
<!-- Generated by org.testng.reporters.JUnitXMLReporter -->
<testsuite ignored="16" hostname="home-laptop" failures="0" tests="14" name="Chrome-Test" time="242.557" errors="0" timestamp="2022-12-19T22:54:16 IST">
  <testcase classname="com.webbanking.testcases.TC_CustomerDetailsPage" name="verifyCustomerDetailsTest" time="3.47"/>
  <testcase classname="com.webbanking.testcases.TC_CustomerDetailsPage" name="deleteCustomerTest" time="13.101"/>
  <testcase classname="com.webbanking.testcases.TC_AddCustomerPage" name="addCustomerTest" time="6.061"/>
  <testcase classname="com.webbanking.testcases.TC_EndToEnd" name="endToendTest" time="16.901"/>
  <testcase classname="com.webbanking.testcases.TC_CustomerPage" name="customerLoginTest" time="2.988"/>
  <testcase classname="com.webbanking.testcases.TC_ManagerPage" name="isAddCustomerBtnDisplayedTest" time="0.537"/>
  <testcase classname="com.webbanking.testcases.TC_ManagerPage" name="isOpenAccountBtnDisplayedTest" time="0.547"/>
  <testcase classname="com.webbanking.testcases.TC_ManagerPage" name="isCustomersBtnDisplayedTest" time="0.499"/>
  <testcase classname="com.webbanking.testcases.TC_TransactionDetailsPage" name="verifyTransactionDetailsTest" time="1.922"/>
  <testcase classname="com.webbanking.testcases.TC_LoginPage" name="isCustomerLoginBtnDisplayedTest" time="0.921"/>
  <testcase classname="com.webbanking.testcases.TC_LoginPage" name="isManagerLoginBtnDisplayedTest" time="0.8"/>
  <testcase classname="com.webbanking.testcases.TC_AccountPage" name="depositTest" time="2.362"/>
  <testcase classname="com.webbanking.testcases.TC_AccountPage" name="withdrawalTest" time="4.871"/>
  <testcase classname="com.webbanking.testcases.TC_OpenAccountPage" name="openAccountTest" time="2.591"/>
  <testcase classname="com.webbanking.base.BaseClass" name="@AfterSuite afterSuite" time="0.0">
    <ignored/>
  </testcase> <!-- @AfterSuite afterSuite -->
  <testcase classname="com.webbanking.base.BaseClass" name="@AfterSuite afterSuite" time="0.0">
    <ignored/>
  </testcase> <!-- @AfterSuite afterSuite -->
  <testcase classname="com.webbanking.base.BaseClass" name="@BeforeSuite beforeSuite" time="0.0">
    <ignored/>
  </testcase> <!-- @BeforeSuite beforeSuite -->
  <testcase classname="com.webbanking.base.BaseClass" name="@AfterSuite afterSuite" time="0.0">
    <ignored/>
  </testcase> <!-- @AfterSuite afterSuite -->
  <testcase classname="com.webbanking.base.BaseClass" name="@BeforeSuite beforeSuite" time="0.0">
    <ignored/>
  </testcase> <!-- @BeforeSuite beforeSuite -->
  <testcase classname="com.webbanking.base.BaseClass" name="@BeforeSuite beforeSuite" time="0.0">
    <ignored/>
  </testcase> <!-- @BeforeSuite beforeSuite -->
  <testcase classname="com.webbanking.base.BaseClass" name="@BeforeSuite beforeSuite" time="0.0">
    <ignored/>
  </testcase> <!-- @BeforeSuite beforeSuite -->
  <testcase classname="com.webbanking.base.BaseClass" name="@BeforeSuite beforeSuite" time="0.0">
    <ignored/>
  </testcase> <!-- @BeforeSuite beforeSuite -->
  <testcase classname="com.webbanking.base.BaseClass" name="@AfterSuite afterSuite" time="0.0">
    <ignored/>
  </testcase> <!-- @AfterSuite afterSuite -->
  <testcase classname="com.webbanking.base.BaseClass" name="@BeforeSuite beforeSuite" time="0.0">
    <ignored/>
  </testcase> <!-- @BeforeSuite beforeSuite -->
  <testcase classname="com.webbanking.base.BaseClass" name="@BeforeSuite beforeSuite" time="0.0">
    <ignored/>
  </testcase> <!-- @BeforeSuite beforeSuite -->
  <testcase classname="com.webbanking.base.BaseClass" name="@BeforeSuite beforeSuite" time="0.0">
    <ignored/>
  </testcase> <!-- @BeforeSuite beforeSuite -->
  <testcase classname="com.webbanking.base.BaseClass" name="@AfterSuite afterSuite" time="0.0">
    <ignored/>
  </testcase> <!-- @AfterSuite afterSuite -->
  <testcase classname="com.webbanking.base.BaseClass" name="@AfterSuite afterSuite" time="0.0">
    <ignored/>
  </testcase> <!-- @AfterSuite afterSuite -->
  <testcase classname="com.webbanking.base.BaseClass" name="@AfterSuite afterSuite" time="0.0">
    <ignored/>
  </testcase> <!-- @AfterSuite afterSuite -->
  <testcase classname="com.webbanking.base.BaseClass" name="@AfterSuite afterSuite" time="0.0">
    <ignored/>
  </testcase> <!-- @AfterSuite afterSuite -->
</testsuite> <!-- Chrome-Test -->
