<?xml version="1.0" encoding="UTF-8"?>
<!-- Generated by org.testng.reporters.JUnitXMLReporter -->
<testsuite ignored="16" hostname="home-laptop" failures="0" tests="14" name="FireFox-Test" time="424.492" errors="0" timestamp="2022-12-19T23:01:21 IST">
  <testcase classname="com.webbanking.testcases.TC_CustomerDetailsPage" name="verifyCustomerDetailsTest" time="1.622"/>
  <testcase classname="com.webbanking.testcases.TC_CustomerDetailsPage" name="deleteCustomerTest" time="11.731"/>
  <testcase classname="com.webbanking.testcases.TC_AddCustomerPage" name="addCustomerTest" time="4.146"/>
  <testcase classname="com.webbanking.testcases.TC_EndToEnd" name="endToendTest" time="12.084"/>
  <testcase classname="com.webbanking.testcases.TC_CustomerPage" name="customerLoginTest" time="2.616"/>
  <testcase classname="com.webbanking.testcases.TC_ManagerPage" name="isAddCustomerBtnDisplayedTest" time="0.362"/>
  <testcase classname="com.webbanking.testcases.TC_ManagerPage" name="isOpenAccountBtnDisplayedTest" time="0.296"/>
  <testcase classname="com.webbanking.testcases.TC_ManagerPage" name="isCustomersBtnDisplayedTest" time="0.296"/>
  <testcase classname="com.webbanking.testcases.TC_TransactionDetailsPage" name="verifyTransactionDetailsTest" time="1.712"/>
  <testcase classname="com.webbanking.testcases.TC_LoginPage" name="isCustomerLoginBtnDisplayedTest" time="0.849"/>
  <testcase classname="com.webbanking.testcases.TC_LoginPage" name="isManagerLoginBtnDisplayedTest" time="0.917"/>
  <testcase classname="com.webbanking.testcases.TC_AccountPage" name="depositTest" time="1.599"/>
  <testcase classname="com.webbanking.testcases.TC_AccountPage" name="withdrawalTest" time="3.478"/>
  <testcase classname="com.webbanking.testcases.TC_OpenAccountPage" name="openAccountTest" time="2.115"/>
  <testcase classname="com.webbanking.base.BaseClass" name="@BeforeSuite beforeSuite" time="0.0">
    <ignored/>
  </testcase> <!-- @BeforeSuite beforeSuite -->
  <testcase classname="com.webbanking.base.BaseClass" name="@AfterSuite afterSuite" time="0.0">
    <ignored/>
  </testcase> <!-- @AfterSuite afterSuite -->
  <testcase classname="com.webbanking.base.BaseClass" name="@AfterSuite afterSuite" time="0.0">
    <ignored/>
  </testcase> <!-- @AfterSuite afterSuite -->
  <testcase classname="com.webbanking.base.BaseClass" name="@BeforeSuite beforeSuite" time="0.0">
    <ignored/>
  </testcase> <!-- @BeforeSuite beforeSuite -->
  <testcase classname="com.webbanking.base.BaseClass" name="@AfterSuite afterSuite" time="0.0">
    <ignored/>
  </testcase> <!-- @AfterSuite afterSuite -->
  <testcase classname="com.webbanking.base.BaseClass" name="@AfterSuite afterSuite" time="0.0">
    <ignored/>
  </testcase> <!-- @AfterSuite afterSuite -->
  <testcase classname="com.webbanking.base.BaseClass" name="@BeforeSuite beforeSuite" time="0.0">
    <ignored/>
  </testcase> <!-- @BeforeSuite beforeSuite -->
  <testcase classname="com.webbanking.base.BaseClass" name="@BeforeSuite beforeSuite" time="0.0">
    <ignored/>
  </testcase> <!-- @BeforeSuite beforeSuite -->
  <testcase classname="com.webbanking.base.BaseClass" name="@AfterSuite afterSuite" time="0.0">
    <ignored/>
  </testcase> <!-- @AfterSuite afterSuite -->
  <testcase classname="com.webbanking.base.BaseClass" name="@BeforeSuite beforeSuite" time="0.0">
    <ignored/>
  </testcase> <!-- @BeforeSuite beforeSuite -->
  <testcase classname="com.webbanking.base.BaseClass" name="@AfterSuite afterSuite" time="0.0">
    <ignored/>
  </testcase> <!-- @AfterSuite afterSuite -->
  <testcase classname="com.webbanking.base.BaseClass" name="@BeforeSuite beforeSuite" time="0.0">
    <ignored/>
  </testcase> <!-- @BeforeSuite beforeSuite -->
  <testcase classname="com.webbanking.base.BaseClass" name="@BeforeSuite beforeSuite" time="0.0">
    <ignored/>
  </testcase> <!-- @BeforeSuite beforeSuite -->
  <testcase classname="com.webbanking.base.BaseClass" name="@AfterSuite afterSuite" time="0.0">
    <ignored/>
  </testcase> <!-- @AfterSuite afterSuite -->
  <testcase classname="com.webbanking.base.BaseClass" name="@AfterSuite afterSuite" time="0.0">
    <ignored/>
  </testcase> <!-- @AfterSuite afterSuite -->
  <testcase classname="com.webbanking.base.BaseClass" name="@BeforeSuite beforeSuite" time="0.0">
    <ignored/>
  </testcase> <!-- @BeforeSuite beforeSuite -->
</testsuite> <!-- FireFox-Test -->
